600           281.752      10.9061      2.47361       2      44.8659
      8.06541      9.94675      53.0010      15.4451   -0.0150190
600           817.850      8.44293      4.42722       2      44.8466
      7.74009      11.7153      51.8686     -6.55838   -0.0109998
600           758.329      9.17951      4.62889       2      44.6179
      8.24644      6.04902      53.0010      15.5376   -0.0119196
600           787.970      9.07185      4.82250       3      44.3945
      8.32180      6.00926      53.0010      15.5445   -0.0123745
600           936.753      8.14897      5.11028       2      44.5213
      8.73892      7.16429      51.8686     -6.52391  -0.00999567
600           958.835      7.91400      5.30583       2      44.6575
      8.22249      8.13199      51.8686     -6.51375  -0.00442711
600           857.133      9.11628      5.51139       3      44.6029
      8.08728      8.63883      53.0010      15.5662   -0.0111206
600           865.352      9.08330      5.70250       3      44.5954
      7.90255      8.56058      53.0010      15.5714   -0.0108362
600           954.315      8.50741      5.92861       2      44.6360
      8.63014      6.36662      37.3904     -16.6386  -0.00334526
600           950.402      8.41201      6.11333       2      44.8250
      8.57288      11.2902      37.3904     -16.6303  -0.00238775
600           850.841      10.0811      6.42972       3      44.5001
      7.70650      10.1698      53.0010      15.5876  -0.00970979
600           330.325      10.8688      2.69417       2      44.9182
      8.21118      11.5262      53.0010      15.4555  -0.00947734
600           835.421      10.0686      6.61833       3      44.5109
      7.73220      8.84093      53.0010      15.5909   -0.0122168
600           885.719      8.29957      6.83611       2      44.2694
      8.16293      4.63271      37.3904     -16.5959  -0.00197938
600           856.593      8.68082      7.02611       2      44.3163
      8.88852      4.58285      37.3904     -16.5864  -0.00249022
600           1300.75      7.68730      7.24278       3      44.4586
      8.33417      4.76708      29.2590     -29.2257  -0.00487629
600           1210.96      8.21671      7.44472       3      44.7133
      8.29122      10.2986      29.2590     -29.2050  -0.00888655
600           713.997      9.63276      7.72639       2      44.5534
      8.69543      5.90396      37.3904     -16.5509  -0.00149359
600           663.544      9.79451      7.93361       1      44.4881
      8.60537      4.44861      37.3904     -16.5402  -0.00226619
600           884.646      9.42085      8.14167       3      44.6628
      8.10001      11.0168      29.2590     -29.1327  -0.00453231
600           784.814      9.73316      8.35528       3      44.6763
      8.45897      5.70261      29.2590     -29.1105  -0.00770900
600           498.559      11.0999      8.56333       2      44.5876
      8.12054      8.95991      37.3904     -16.5079  0.000244371
600           380.641      10.4597      2.91083       2      44.8050
      8.60667      8.35644      53.0010      15.4655   -0.0138310
600           443.313      11.5314      8.77083       2      44.4433
      8.45560      6.05125      37.3904     -16.4974  -0.00147819
600           426.275      10.0738      3.10167       2      44.7017
      8.17537      6.28040      53.0010      15.4743   -0.0186804
600           469.670      9.98214      3.28111       2      44.6964
      8.29475      8.98370      53.0010      15.4824   -0.0138171
600           516.168      9.83222      3.47389       2      44.7983
      8.19204      8.79106      53.0010      15.4909   -0.0115606
600           569.033      9.43895      3.69722       2      44.6997
      8.20683      7.67351      53.0010      15.5006   -0.0120641
600           641.375      9.45099      4.01861       2      44.6805
      8.12406      11.7787      53.0010      15.5140  -0.00928169
600           772.778      8.97050      4.22806       2      44.7900
      8.61853      8.18126      51.8686     -6.56803  -0.00936825
