600           930.352      8.23329      7.08278       2      45.5128
      8.35686      10.3171      51.8686     -6.84400  -0.00437550
600           889.620      8.36076      7.61333       1      45.7100
      8.88545      5.70912      48.6986     -16.1231  -0.00159192
600           836.469      8.51787      7.79472       1      45.5275
      8.30501      8.25746      48.6986     -16.1099   0.00197199
600           767.504      8.91661      8.01806       1      45.2429
      9.23635      1.97362      48.6986     -16.0938  0.000780977
600           710.425      9.15221      8.19639       1      45.4229
      8.81781      5.90935      48.6986     -16.0811  0.000588142
600           632.425      9.78451      8.43528       1      45.2035
      9.28249     0.744939      48.6986     -16.0642 -3.04011e-05
600           559.548      8.66576      3.51306       2      45.6720
      8.99924      5.58443      53.0010      15.4373   -0.0116642
600           605.172      8.62000      3.69583       2      45.5133
      8.82059      5.24729      53.0010      15.4455  -0.00820643
600           868.204      7.92620      5.04667       3      45.6075
      8.88522      4.26775      53.0010      15.4999  -0.00929232
600           1011.32      7.33818      5.30778       2      45.5710
      9.22741      8.04473      51.8686     -6.93795  -0.00397359
600           986.925      7.88866      6.72889       2      45.6222
      9.54521      6.68119      51.8686     -6.86260  -0.00413386
600           960.673      8.13408      6.90722       2      45.5504
      8.94389      5.80434      51.8686     -6.85319  -0.00552189
