300           226.090      9.29640      2.09028       1      46.1632
      8.38356      10.2888      53.0010      15.3377   -0.0101748
600           906.169      8.12983      5.22000       3      45.4629
      8.51873      6.99923      53.0010      15.4757   -0.0137902
600           1042.14      7.71058      5.44528       2      45.5683
      8.79863      9.52681      51.8686     -7.07703  -0.00624879
600           1053.92      7.49293      5.62722       2      45.5726
      8.81519      7.87217      51.8686     -7.06747  -0.00645370
600           1059.97      7.33746      5.80389       2      45.4853
      8.94075      4.46205      51.8686     -7.05812  -0.00689480
600           1060.45      7.48881      5.99583       2      45.5734
      8.70038      8.12543      51.8686     -7.04790  -0.00430046
600           1050.32      7.63862      6.26750       1      45.4894
      8.90090      7.25276      51.8686     -7.03339  -0.00295813
600           1035.34      7.63053      6.46250       1      45.3310
      8.58902      3.01562      51.8686     -7.02297 -0.000966968
600           1382.68      7.52635      7.59417       3      45.5749
      8.72077      5.37165      42.4818     -22.2046   0.00513922
600           1284.56      7.65262      7.77083       3      45.5530
      8.40034      4.07321      42.4818     -22.1860   0.00393942
600           1116.07      8.46379      8.06833       3      45.2809
      8.97573      4.75726      42.4818     -22.1549   0.00559907
600           246.105      9.76895      2.19056       1      45.8666
      8.83693      6.86704      53.0010      15.3426   -0.0146369
600           999.046      8.93512      8.27472       3      45.3783
      8.99893      2.70710      42.4818     -22.1335   0.00226968
600           895.036      9.39638      8.46083       3      45.3858
      8.77087      7.25638      42.4818     -22.1145   0.00548657
600           717.272      8.33600      4.11028       2      45.6504
      8.74130      7.38480      53.0010      15.4324   -0.0116838
600           757.269      8.21140      4.29333       2      45.5095
      8.72630      7.80514      53.0010      15.4402   -0.0132984
600           903.692      8.02651      4.53028       2      45.7846
      8.24639      13.0934      51.8686     -7.12337  -0.00466921
600           942.409      7.74357      4.72028       2      45.7098
      8.44967      10.5718      51.8686     -7.11405  -0.00417935
600           882.861      8.16538      5.02056       3      45.3508
      8.89385      4.56859      53.0010      15.4686  -0.00963499
