600           2993.81      4.12242      4.86917       1      49.4508
      7.86201      11.1732     -17.3348     -14.0375   0.00185813
600           3083.34      4.16846      6.62917       1      49.2798
      8.13661      7.20691     -17.3348     -13.8995   0.00209245
600           3024.38      4.30856      6.80194       1      49.3131
      7.88620      9.38881     -17.3348     -13.8862   0.00200954
600           2734.52      4.46703      7.40306       2      48.9493
      7.91704      2.28099     -17.3348     -13.8413   0.00324456
600           2627.11      4.76005      7.57917       2      49.0470
      8.26489      8.47423     -17.3348     -13.8286   0.00545050
600           2509.38      4.82661      7.75750       2      49.1012
      8.22448      6.90503     -17.3348     -13.8160   0.00380830
600           2387.00      5.16853      7.93111       2      49.2342
      8.03754      11.2162     -17.3348     -13.8040   0.00189605
600           2259.62      5.16520      8.10250       2      49.0916
      8.05379      6.28756     -17.3348     -13.7924  0.000575494
600           1406.06      6.31884      8.61611       1      48.8738
      8.48695      3.40543     -12.5156     -19.2817   0.00877474
600           1292.84      6.34494      8.79361       1      48.6476
      8.98435    -0.676818     -12.5156     -19.2684   0.00525151
600           1182.90      6.83345      8.96722       1      48.8651
      8.41592      2.58988     -12.5156     -19.2554   0.00460912
600           3064.81      4.32331      5.06306       1      49.7713
      7.03295      15.1039     -17.3348     -14.0224   0.00347746
600           1070.49      7.06535      9.14750       1      48.8885
      8.06324      8.06839     -12.5156     -19.2419   0.00821554
600           965.793      7.57498      9.31944       1      48.8049
      8.39953      7.20769     -12.5156     -19.2291   0.00555998
600           851.840      8.09495      9.51306       1      48.9609
      8.00129      7.92169     -12.5156     -19.2148   0.00913529
600           752.396      8.41473      9.68972       1      48.6031
      8.48971      2.81095     -12.5156     -19.2019   0.00649817
600           654.928      8.98790      9.87250       1      48.8256
      8.29757      7.72515     -12.5156     -19.1886   0.00554445
600           567.638      9.22594      10.0472       1      48.7051
      8.25678      5.53498     -12.5156     -19.1761   0.00764404
600           484.281      10.2726      10.2275       2      48.7072
      8.37948      7.49544     -12.5156     -19.1634   0.00865605
600           382.556      10.8418      10.4736       2      48.7202
      8.14318      4.09048     -12.5156     -19.1464  0.000788272
600           3116.44      4.17271      5.23778       1      49.5215
      7.46684      13.7454     -17.3348     -14.0087   0.00313557
600           3157.81      4.24721      5.42222       1      49.3838
      7.61673      11.0192     -17.3348     -13.9942   0.00415425
600           3184.16      4.19095      5.59583       1      49.4848
      8.53172      9.30813     -17.3348     -13.9805   0.00311040
600           3198.08      3.90238      5.76944       1      49.4566
      7.68079      14.8951     -17.3348     -13.9668  0.000574113
600           3190.20      4.06274      6.09750       1      49.5148
      7.20085      16.3703     -17.3348     -13.9409 -1.79502e-05
600           3167.91      3.86748      6.27139       1      49.2905
      7.68769      7.43711     -17.3348     -13.9273   0.00169136
600           3131.20      3.97335      6.45389       1      48.9894
      8.01471      4.10410     -17.3348     -13.9131   0.00408974
