600           3320.86      3.56435      5.60500       1      48.8638
      7.62480      3.60311     -17.3348     -13.2307  0.000448552
600           2828.62      4.21197      7.46556       2      48.7465
      6.97264      12.6743     -17.3348     -13.0884   0.00507217
600           2712.61      4.42136      7.64500       2      48.8364
      7.21194      11.1859     -17.3348     -13.0757   0.00238991
600           1866.44      5.30248      8.01972       1      48.8356
      8.48284      2.87722     -12.5156     -18.7595    0.0127531
600           1751.92      5.19890      8.19667       1      49.1451
      6.71562      8.50307     -12.5156     -18.7463   0.00885407
600           1629.72      5.47244      8.38194       1      49.1920
      7.48287      11.0032     -12.5156     -18.7323   0.00828970
600           1510.27      5.82185      8.56111       1      48.8823
      7.93903      6.60071     -12.5156     -18.7188    0.0113629
600           1394.60      5.85048      8.73417       1      48.6823
      7.93308      2.35329     -12.5156     -18.7057   0.00837299
600           1280.80      6.25938      8.90528       1      48.7769
      7.67291      4.32744     -12.5156     -18.6928    0.0106315
600           1164.79      6.70822      9.08194       1      48.7004
      8.43076      5.47768     -12.5156     -18.6796   0.00562361
600           947.066      7.71744      9.42528       1      48.9735
      8.45614      5.42511     -12.5156     -18.6540   0.00693899
600           3336.74      3.57713      5.80194       1      49.2960
      7.49851      5.97653     -17.3348     -13.2151 -0.000761268
600           838.431      7.99113      9.60583       1      48.8371
      8.19321      5.31560     -12.5156     -18.6407   0.00820683
600           740.115      8.53168      9.77722       1      49.0129
      8.47824      8.71141     -12.5156     -18.6283   0.00894824
600           644.432      8.67500      9.95389       2      48.7362
      8.15696      3.29596     -12.5156     -18.6156   0.00812367
600           552.232      9.37125      10.1367       2      48.8227
      8.02049      5.30611     -12.5156     -18.6026   0.00800432
600           466.279      9.64777      10.3225       2      48.8784
      8.13696      3.83980     -12.5156     -18.5897   0.00688778
600           3336.85      3.41006      5.97889       1      49.0061
      6.77896      6.87355     -17.3348     -13.2012 -0.000979907
600           3324.07      3.65877      6.15111       1      48.8825
      7.34842      11.5985     -17.3348     -13.1876   0.00232407
600           3296.92      3.77442      6.33250       1      49.2175
      7.54465      13.9490     -17.3348     -13.1735   0.00241579
600           3257.58      3.98021      6.50750       1      48.9438
      8.16052      19.2852     -17.3348     -13.1599   0.00638993
600           3117.36      3.82476      6.91528       1      48.8812
      7.14141      8.57653     -17.3348     -13.1288   0.00364360
600           3024.78      4.00435      7.11556       2      48.4671
      8.27315      1.29284     -17.3348     -13.1138   0.00639298
600           2931.93      4.18417      7.29056       2      48.9599
      7.50976      14.6433     -17.3348     -13.1010   0.00467395
