600           445.203      12.5121      1.00417       2      43.2787
      8.31653      2.47147     -34.8146      37.6402   -0.0212148
600           1382.93      9.29441      3.07111       4      43.0698
      8.23098      3.99817     -34.8146      37.7844   -0.0217861
600           1477.16      9.02513      3.27167       4      42.8627
      8.34445      3.20279     -34.8146      37.7953   -0.0199890
600           1684.64      8.69350      3.73778       4      42.8687
      8.05116      2.22874     -34.8146      37.8178   -0.0241578
600           1767.23      8.71418      3.93806       4      42.9630
      8.00866      3.18373     -34.8146      37.8262   -0.0266052
600           1844.68      8.23527      4.13750       4      42.7966
      7.71812      2.80121     -34.8146      37.8338   -0.0244102
600           1916.98      8.59494      4.33750       5      42.9138
      8.34650      5.06292     -34.8146      37.8407   -0.0218031
600           8564.79      3.36933      4.60444       3      43.2413
      8.62019     -4.09939      64.9690     -9.41557   -0.0154412
900           8585.18      3.22317      4.85444       3      43.2206
      7.76154      1.84924      64.9690     -9.39883   -0.0192725
1200          8532.71      3.20973      5.22139       3      43.3769
      7.37498      7.24709      64.9690     -9.37269   -0.0227748
1200          8394.14      3.21160      5.57194       2      43.3049
      7.77236      3.74886      64.9690     -9.34610   -0.0245925
600           520.265      12.3864      1.20417       2      43.3677
      8.42281      4.53670     -34.8146      37.6561   -0.0205706
1200          8162.31      3.14680      5.93778       2      43.3684
      7.20008      8.29139      64.9690     -9.31687   -0.0233234
1200          7781.29      3.09976      6.37111       2      43.2935
      7.37546      3.46001      64.9690     -9.28055   -0.0214588
1200          7316.66      3.28846      6.78861       2      43.2817
      7.44291      8.72694      64.9690     -9.24415   -0.0168637
1200          6772.17      3.44230      7.20472       1      43.4676
      7.78437      6.09908      64.9690     -9.20683   -0.0179548
1200          6212.42      3.59863      7.58778       1      43.3856
      7.47096      6.79303      64.9690     -9.17187   -0.0134789
900           5607.56      3.90949      7.97250       1      43.2933
      7.51580      8.30803      64.9690     -9.13645  -0.00984886
900           5117.84      4.04791      8.27111       1      43.4268
      7.58845      3.41234      64.9690     -9.10894   -0.0151306
900           4642.54      4.55267      8.55528       1      43.2703
      8.18213      4.84516      64.9690     -9.08287  -0.00895410
900           4139.02      4.77810      8.85472       1      43.4131
      7.77694      5.40577      64.9690     -9.05565  -0.00817261
600           3612.29      5.29335      9.17111       2      43.6643
      7.96217      6.85534      64.9690     -9.02731  -0.00754862
600           600.869      11.8782      1.40417       3      43.1640
      8.33869      3.97597     -34.8146      37.6717   -0.0204601
600           3125.39      5.89259      9.47139       2      43.5434
      7.94135      6.26525      64.9690     -9.00095  -0.00873866
600           2811.91      6.27022      9.67139       2      43.2495
      8.23578      1.15589      64.9690     -8.98375   -0.0104064
600           2509.57      6.89595      9.87139       2      43.5435
      8.13451      6.12871      64.9690     -8.96688   -0.0126007
600           1246.83      8.69771      10.1553       1      43.7199
      7.83823      6.90251      67.4874     -26.3813  -0.00740108
600           1112.10      9.18676      10.3547       1      43.5436
      7.78763      5.58308      67.4874     -26.3672  -0.00827013
600           982.699      10.3653      10.5547       1      43.5653
      8.29579      3.09104      67.4874     -26.3529   -0.0233345
300           859.935      11.1749      10.7547       1      43.8552
      7.16272      10.7982      67.4874     -26.3385   -0.0115670
300           772.737      11.6272      10.9047       1      43.3948
      8.19734      1.39597      67.4874     -26.3276   -0.0159381
300           450.731      14.5587      11.5553       1      43.7538
      8.05632     0.185077      67.4874     -26.2808  -0.00370501
300           403.821      15.3225      11.6714       1      43.9436
      8.43645      2.89576      67.4874     -26.2725  -0.00320703
600           806.291      11.0640      1.87083       3      43.0558
      8.10812      5.20621     -34.8146      37.7067   -0.0179534
300           365.940      16.1351      11.7719       1      43.9635
      7.95134      6.47549      67.4874     -26.2654  -0.00518399
300           331.012      16.4558      11.8714       1      44.1264
      8.18872      6.06973      67.4874     -26.2583  -0.00556287
300           293.191      16.4554      11.9883       1      43.9441
      8.09054      1.31267      67.4874     -26.2501  -0.00409569
300           259.056      17.0749      12.1047       1      43.8183
      8.03136      3.88594      67.4874     -26.2420   -0.0110842
600           900.106      10.5161      2.07139       3      43.0853
      8.58724      2.22818     -34.8146      37.7211   -0.0193822
600           995.646      10.1430      2.27111       3      43.1502
      7.92522      2.44351     -34.8146      37.7348   -0.0240445
600           1093.54      9.78963      2.47306       3      43.0888
      8.07468      3.82937     -34.8146      37.7482   -0.0241554
600           1189.87      9.59584      2.67083       3      43.0668
      8.28313      4.01876     -34.8146      37.7608   -0.0218348
600           1286.91      9.51240      2.87083       3      43.0751
      7.99360      4.77644     -34.8146      37.7729   -0.0187205
