600           287.291      12.9562     0.287500       2      43.2346
      7.75822      5.20930     -34.5633      37.1563   -0.0215720
900           54130.4      2.36535      3.98861       3      42.6718
      7.63881      14.5040      38.7017      3.97573   -0.0311733
900           52413.2      2.14816      4.34639       3      43.0586
      6.19873      20.6181      38.7017      4.00706   -0.0291608
900           50859.9      2.07508      4.63194       3      43.1589
      6.55196      20.6051      38.7017      4.03325   -0.0219864
900           5132.07      3.77108      4.99000       3      42.9845
      7.29198      7.84078      53.4996     -9.55530   -0.0216435
900           5208.55      3.69747      5.26917       3      42.9221
      8.38784      2.69040      53.4996     -9.54273   -0.0194265
600           353.703      12.6508     0.504444       2      43.1921
      8.05728      3.37202     -34.5633      37.1754   -0.0212623
600           428.935      11.8808     0.718889       2      43.1812
      8.20730      4.18977     -34.5633      37.1942   -0.0217291
600           557.576      11.0414      1.03833       2      43.0709
      7.93259      3.09485     -34.5633      37.2221   -0.0202145
600           694.299      10.3822      1.33750       2      42.9785
      7.73694      4.30546     -34.5633      37.2480   -0.0165873
600           801.879      9.79836      1.55417       2      43.0642
      7.58503      4.20765     -34.5633      37.2664   -0.0243232
600           915.454      9.22417      1.77056       2      42.9163
      7.68605     0.799039     -34.5633      37.2845   -0.0189792
