600           467.702      12.4161     0.983889       2      43.7888
      7.83464      4.45189     -34.8146      37.5635   -0.0193555
600           1716.02      8.14456      3.56722       4      43.7115
      7.36513      4.93375     -34.8146      37.7444   -0.0229024
600           1810.89      7.95362      3.76972       4      43.7636
      7.33822      3.44308     -34.8146      37.7545   -0.0206367
600           1899.31      7.85750      3.96722       4      43.6356
      7.50579      3.31883     -34.8146      37.7637   -0.0210745
600           1984.11      7.71133      4.16722       4      43.6630
      7.56270     0.344425     -34.8146      37.7722   -0.0218532
600           2101.40      7.89651      4.46806       4      43.7150
      7.43605      5.99255     -34.8146      37.7836   -0.0194917
900           8558.79      3.20142      4.78417       3      44.3205
      6.26122      10.3109      64.9690     -10.7701   -0.0147081
900           8508.47      3.04076      5.10167       3      44.2059
      6.11179      5.39744      64.9690     -10.7488   -0.0141839
900           8406.86      2.88861      5.38389       3      44.0347
      6.51744    -0.275398      64.9690     -10.7288   -0.0112130
900           8242.62      2.93299      5.68389       3      44.2016
      7.17248     0.428280      64.9690     -10.7064   -0.0133080
900           8036.60      2.94699      5.96778       2      44.0917
      6.71966      5.81340      64.9690     -10.6842  -0.00770494
900           7800.01      2.95742      6.23556       2      44.0622
      6.95648      3.87903      64.9690     -10.6624  -0.00805842
900           7510.17      3.03864      6.51722       2      44.0181
      7.02043      2.32417      64.9690     -10.6389  -0.00576222
900           7199.77      3.13264      6.78444       2      43.9690
      6.76701      6.22274      64.9690     -10.6159  -0.00783252
900           6815.07      3.17947      7.08417       2      44.0457
      7.25885      2.87121      64.9690     -10.5895  -0.00757915
900           6420.62      3.18703      7.36750       1      43.9464
      7.12658      3.55807      64.9690     -10.5642  -0.00653111
900           6001.29      3.39236      7.65083       1      44.0441
      7.27630      2.36991      64.9690     -10.5385  -0.00886346
900           5586.37      3.61618      7.91889       1      44.0234
      7.23366      2.44614      64.9690     -10.5140  -0.00766929
900           5054.68      3.96107      8.25111       1      44.0207
      7.46452      1.15578      64.9690     -10.4835  -0.00735333
900           4592.42      4.16393      8.53444       1      43.9947
      7.00870      5.88995      64.9690     -10.4575  -0.00693970
900           4125.96      4.68649      8.81917       1      43.8794
      7.62174      3.91001      64.9690     -10.4315   -0.0117445
900           3557.49      5.36664      9.17000       1      44.0896
      7.27048      7.98377      64.9690     -10.3999  -0.00924059
900           3113.25      5.81105      9.45167       2      43.9176
      7.49102      5.04775      64.9690     -10.3749   -0.0140958
900           2683.56      6.40210      9.73500       2      43.9968
      7.41486      6.23762      64.9690     -10.3502  -0.00593686
600           1055.26      9.87474      2.26778       3      43.8356
      7.87523      5.70590     -34.8146      37.6634   -0.0190423
600           1175.31      9.36537      2.50083       3      43.7229
      7.70688      4.51956     -34.8146      37.6798   -0.0233053
600           1278.77      9.12672      2.70028       3      43.7361
      7.14807      8.42688     -34.8146      37.6931   -0.0196484
600           1399.64      8.72495      2.93389       3      43.7103
      7.81239      3.74937     -34.8146      37.7081   -0.0211159
600           1510.53      8.38836      3.15083       4      43.5564
      7.72996      1.12562     -34.8146      37.7213   -0.0218733
600           1618.81      8.21061      3.36722       4      43.5990
      7.81326      1.20598     -34.8146      37.7336   -0.0162564
