900           1403.69      8.71364      3.30889       4      43.2644
      8.20474      3.39504     -34.8146      37.7747   -0.0320778
900           5330.09      4.11946      6.19167       4      43.7288
      6.83216      5.46977      82.6071     -27.4597   -0.0190325
900           5123.58      3.91233      6.47556       4      43.7571
      6.89296      5.12052      82.6071     -27.4411   -0.0135870
900           4896.38      4.19419      6.75833       3      43.7164
      7.77971      4.39881      82.6071     -27.4212   -0.0132693
900           4648.70      4.22649      7.04250       3      43.6368
      6.97936      4.93525      82.6071     -27.4000   -0.0144234
900           4369.70      4.19343      7.34167       3      43.5898
      7.19944      3.89661      82.6071     -27.3763  -0.00838729
900           4091.00      4.46581      7.62500       3      43.5964
      7.72124      4.00865      82.6071     -27.3529   -0.0109002
900           3801.38      4.67640      7.90806       3      43.8579
      7.56559      7.07808      82.6071     -27.3285  -0.00932756
900           3485.25      4.94907      8.20833       3      43.6517
      7.19255      4.60576      82.6071     -27.3017  -0.00581377
900           3181.58      5.39117      8.49194       2      43.6702
      7.46030      6.17091      82.6071     -27.2756  -0.00639353
900           2804.99      6.23672      8.84194       2      43.6838
      7.71396      5.71596      82.6071     -27.2427  -0.00722587
900           1520.93      8.49063      3.59139       4      43.3116
      8.19873      3.25272     -34.8146      37.7872   -0.0321303
900           2503.00      6.68411      9.12500       2      43.6810
      7.54092      6.96893      82.6071     -27.2155  -0.00243925
900           2206.73      6.95970      9.40833       2      43.5626
      7.30217      4.99042      82.6071     -27.1880  -0.00428717
600           1491.10      8.89768      10.1428       2      43.6875
      8.22556      4.57879      82.6071     -27.1163  -0.00518646
600           1300.99      9.48274      10.3589       2      43.5863
      8.20714      2.02983      82.6071     -27.0953  -0.00540101
600           1135.66      10.1122      10.5586       2      43.8067
      8.27687      2.91137      82.6071     -27.0760  -0.00467332
600           981.225      11.1799      10.7583       2      43.7406
      8.06888      6.08764      82.6071     -27.0569  -0.00371109
600           838.090      12.0857      10.9586       2      43.7608
      8.19660      4.97963      82.6071     -27.0380  -0.00583171
600           707.708      12.9890      11.1583       2      43.6321
      8.30324      3.96131      82.6071     -27.0194  -0.00348927
600           589.855      13.9814      11.3586       3      43.6049
      8.01242      4.64199      82.6071     -27.0010  -0.00537319
600           485.379      15.2775      11.5586       3      43.8519
      8.10132      6.91174      82.6071     -26.9830  -0.00784017
900           7428.13      5.07405      3.95917       5      43.7283
      6.58265      6.95992      81.3458     -23.4664   -0.0561775
600           394.370      16.3121      11.7583       3      43.7360
      8.33247      4.05202      82.6071     -26.9655  -0.00985896
600           304.839      16.6581      11.9917       3      43.6017
      8.15439   -0.0766702      82.6071     -26.9455   -0.0247700
900           7402.29      4.58582      4.25806       5      43.7495
      7.17141      3.70815      81.3458     -23.4564   -0.0434720
900           7340.73      4.35737      4.54139       5      43.6723
      6.22445      8.28729      81.3458     -23.4452   -0.0373423
900           7243.93      3.89776      4.82472       5      43.6972
      6.84139      3.20888      81.3458     -23.4324   -0.0297629
900           7000.74      3.77208      5.30806       4      43.6417
      6.81068      8.01248      81.3458     -23.4067   -0.0254123
900           6802.81      3.70901      5.60833       4      43.7811
      6.33709      8.06231      81.3458     -23.3884   -0.0245655
900           5512.57      4.04113      5.90833       4      43.6828
      7.36914      2.93866      82.6071     -27.4768   -0.0235498
