600           280.989      12.2242     0.291111       2      43.5951
      8.08209      2.99360     -34.8146      37.1848   -0.0240292
600           1386.62      7.64928      2.65528       3      42.7270
      8.24434      1.50029     -34.8146      37.3800   -0.0187679
600           1502.50      7.41417      2.85611       3      42.6927
      8.34938      1.44578     -34.8146      37.3943   -0.0212857
600           1621.04      7.09703      3.06222       3      42.6589
      8.36259     0.422339     -34.8146      37.4085   -0.0167425
600           1732.97      6.82614      3.25889       3      42.8037
      7.63113      4.99162     -34.8146      37.4214   -0.0186443
600           1840.53      6.71717      3.45111       3      42.6384
      8.11130      1.77021     -34.8146      37.4335   -0.0188121
600           1973.60      6.80831      3.69556       4      42.6708
      8.08397      1.69925     -34.8146      37.4480   -0.0182106
600           2091.36      6.50097      3.92056       4      42.8089
      7.59380      3.74027     -34.8146      37.4605   -0.0176907
600           2187.61      6.44179      4.11278       4      42.6158
      7.61427      2.56346     -34.8146      37.4704   -0.0184559
600           2309.71      6.47517      4.37139       4      42.4742
      8.37147     0.449185     -34.8146      37.4827   -0.0190414
600           2466.76      6.35606      4.74000       4      42.4778
      8.09416     0.542071     -34.8146      37.4980   -0.0202712
600           344.817      11.9857     0.504444       2      43.6204
      8.28360      3.44823     -34.8146      37.2034   -0.0223258
600           2540.46      6.35983      4.93417       5      42.6537
      7.62345      7.49832     -34.8146      37.5050   -0.0206153
600           5172.76      3.82417      5.21583       3      42.8678
      8.64061      6.07897      53.4963     -9.18078   -0.0134579
900           5215.76      3.72344      5.45583       3      42.9363
      8.10314      7.73867      53.4963     -9.16933   -0.0111220
900           5229.23      3.55917      5.72722       2      42.9009
      7.70350      6.62616      53.4963     -9.15577   -0.0156274
900           5203.89      3.60050      6.01056       2      43.2834
      8.33129      7.29594      53.4963     -9.14096   -0.0170287
900           5125.76      3.50966      6.33750       2      42.8544
      8.36143      4.67415      53.4963     -9.12313   -0.0166762
600           425.531      11.2545     0.738611       2      43.4720
      8.08926      2.90638     -34.8146      37.2238   -0.0162473
600           509.353      11.0274     0.954722       2      43.4922
      8.34447      3.61976     -34.8146      37.2425   -0.0180308
600           594.561      10.4960      1.15528       2      43.5152
      7.92600      6.25965     -34.8146      37.2598   -0.0143952
600           815.285      9.53463      1.61889       2      42.6549
      8.35818      3.84308     -34.8146      37.2989   -0.0193625
600           951.106      9.00040      1.87917       2      42.9085
      8.00181      4.64271     -34.8146      37.3202   -0.0187714
600           1160.32      8.44848      2.25917       3      42.8819
      8.02421      7.19080     -34.8146      37.3503   -0.0183649
600           1272.35      8.01745      2.45639       3      42.7541
      8.06797      4.03917     -34.8146      37.3653   -0.0168394
