600           13062.9      3.11180      6.20639       1      50.6555
      8.80627      34.2827     -25.1278      1.38724   -0.0120179
600           1772.15      5.19747      8.68306       2      51.1443
      7.91924      9.83619      30.4563     -21.8387  -0.00278416
600           1642.99      6.44674      8.88056       2      50.9358
      8.25839      10.4681      30.4563     -21.8270  -0.00476200
600           1506.51      5.65962      9.08917       2      51.0093
      7.77331      11.3063      30.4563     -21.8142  -0.00219582
600           1387.74      7.13283      9.27194       2      50.9049
      8.77938      7.99133      30.4563     -21.8027  -0.00521949
600           1025.47      6.65663      9.85083       1      51.1710
      8.70718      10.2728      30.4563     -21.7648  -0.00386316
600           917.311      8.20223      10.0350       1      50.8635
      9.31358      10.4726      30.4563     -21.7523  -0.00416108
300           796.393      6.97842      10.2511       1      51.3031
      8.20557      12.6411      30.4563     -21.7375  -0.00247173
900           12749.9      3.07240      6.42000       1      50.9255
      9.03124      28.4363     -25.1278      1.40820   -0.0138420
900           6736.94      3.53666      6.85472       2      50.8702
      7.86032      21.4617     -17.7523    -0.178857   0.00290161
900           6601.27      3.67030      7.12194       2      50.7449
      7.78121      21.5190     -17.7523    -0.160298  -0.00278220
600           3526.92      4.08464      7.42306       2      51.0605
      8.69531      3.89933      10.3100     -14.9456  -0.00876558
600           3311.57      4.07937      7.66500       2      50.9897
      8.63774      6.71413      10.3100     -14.9281  -0.00921584
600           8160.96      5.17738      7.87861       5      50.6790
      7.33081      35.9638     -44.2687      11.9901   -0.0440077
600           2118.02      5.79939      8.14194       3      51.0366
      8.25251      13.3724      30.4563     -21.8688  -0.00328957
600           1994.75      6.04852      8.33806       2      51.1311
      8.94052      8.84771      30.4563     -21.8583  -0.00755992
