600           2901.64      4.99841      2.77389       1      51.4267
      8.22561      17.8794     -18.1245     0.670665  -0.00613520
600           2432.03      1.51637      7.52250       3      52.6289
      8.28711     -3.65687      30.4563     -22.0582 -0.000182046
600           2324.96      1.57813      7.71889       3      51.7636
      6.97849      4.05365      30.4563     -22.0494  0.000247220
600           2208.63      5.76396      7.92222       3      50.9092
      7.52430      9.20852      30.4563     -22.0397  -0.00474307
600           1840.24      6.45262      8.52389       2      51.2369
      7.57470      12.3291      30.4563     -22.0081  -0.00519422
1200          1710.13      1.92941      8.72806       2      52.0349
      7.11585      3.97451      30.4563     -21.9964   0.00310509
600           1418.52      7.49038      9.18278       2      50.9731
      8.67418      3.17317      30.4563     -21.9691  -0.00224519
1200          1291.58      2.29999      9.38306       2      52.0996
      7.40534      6.88076      30.4563     -21.9566  -0.00248264
600           1057.45      8.76801      9.76389       1      51.0626
      8.29065      6.96037      30.4563     -21.9318  -0.00245246
1200          854.756      2.77556      10.1150       1      52.1980
      7.14506      3.92576      30.4563     -21.9083 -0.000866030
600           3174.81      1.30976      2.99306       1      52.4296
      4.46725      18.2199     -18.1245     0.688011 -0.000891281
600           667.499      10.4501      10.4706       1      51.0832
      8.15181      5.02739      30.4563     -21.8839  -0.00677580
300           569.017      10.8482      10.6767       1      51.2350
      8.20240      6.91451      30.4563     -21.8696  -0.00346791
600           520.676      3.17514      10.7847       1      52.2564
      6.52206      3.99352      30.4563     -21.8621 -0.000347828
300           440.092      11.8475      10.9783       1      51.0156
      8.72168      1.81961      30.4563     -21.8486  -0.00251624
600           391.343      3.70409      11.1061       1      52.3463
      7.50850      5.55544      30.4563     -21.8396  -0.00185938
300           327.184      12.8693      11.2914       1      51.3660
      7.83976      9.24426      30.4563     -21.8267 -0.000756879
600           287.972      3.91501      11.4178       1      52.4063
      7.61632      8.86776      30.4563     -21.8178  -0.00345681
300           229.668      13.6029      11.6339       1      51.1139
      8.16259     0.936830      30.4563     -21.8028   -0.0163961
600           3688.53      4.12629      3.40806       1      50.9410
      8.00655      9.33837     -18.1245     0.721184  -0.00728203
1200          3931.35      1.03511      3.60889       1      52.3541
      5.98680      17.6257     -18.1245     0.737317 -0.000499846
