300           587.761      10.4683     0.680833       3      51.1642
      8.78656      12.5259     -38.3418      5.78472  -0.00862325
600           2646.40      4.81982      2.56500       2      50.7390
      8.41365      14.7320     -38.3418      5.95411  -0.00553399
600           2930.31      4.52396      2.75639       2      50.3952
      8.55591      9.81623     -38.3418      5.97310  -0.00749540
300           665.116      10.1317     0.794722       3      50.9551
      9.35070      4.20914     -38.3418      5.79372  -0.00550289
300           740.106      9.95974     0.896944       3      51.0424
      9.05054      11.4736     -38.3418      5.80197  -0.00416024
300           820.818      9.67894     0.999722       3      50.9828
      9.17883      10.8886     -38.3418      5.81041  -0.00342295
300           938.327      8.65885      1.13861       3      51.0676
      8.55903      16.4803     -38.3418      5.82205 -0.000883012
300           1317.82      7.64041      1.52750       3      51.0088
      9.10643      11.9579     -38.3418      5.85597  -0.00507047
300           1481.36      6.42100      1.67583       3      51.0227
      8.46581      10.0924     -38.3418      5.86938  -0.00354726
300           2073.97      5.52587      2.15528       2      50.6250
      9.13343      5.85681     -38.3418      5.91425  -0.00320910
600           2259.68      5.25670      2.29250       2      50.7672
      8.20590      10.9376     -38.3418      5.92746  -0.00379637
