300           327.069      10.0529      2.37167       1      49.1323
      8.19525      7.13901      38.0456     -6.49499  0.000219988
300           647.288      8.56434      3.50750       2      49.3440
      7.70121      13.3314      38.0456     -6.43130  5.38381e-06
300           672.835      8.44707      3.59667       2      49.0789
      7.39839      8.30369      38.0456     -6.42679  0.000293183
300           703.481      8.05175      3.70500       2      49.0972
      7.77479      7.98319      38.0456     -6.42142  -0.00262295
300           729.685      8.16468      3.79917       2      49.1030
      6.73409      13.5291      38.0456     -6.41685   0.00122549
300           755.183      8.19902      3.89250       3      49.0730
      6.86635      11.8417      38.0456     -6.41242  0.000288821
300           780.872      7.91500      3.98861       3      48.9800
      6.92023      10.1449      38.0456     -6.40797  -0.00107129
300           806.199      8.20499      4.08583       3      49.3318
      7.51774      10.5966      38.0456     -6.40357 -0.000246864
600           1168.96      7.33984      4.32306       3      49.3917
      7.58818      7.04410     -17.3348     -24.9479   0.00157858
600           1221.53      6.91002      4.49750       3      49.2918
      6.78272      9.21863     -17.3348     -24.9397   0.00176478
600           1268.72      6.65400      4.67083       3      49.2517
      7.50802      6.88710     -17.3348     -24.9311  -0.00157905
300           350.744      9.81139      2.46361       2      48.9083
      8.17041      2.28091      38.0456     -6.48948  -0.00268178
600           1310.35      6.50046      4.84361       3      49.2479
      7.57797      8.39346     -17.3348     -24.9222   0.00532532
600           1347.23      6.33842      5.02167       3      49.2118
      7.26012      5.14557     -17.3348     -24.9126   0.00273781
600           1427.69      6.03714      5.71500       2      49.4139
      7.31481      6.91138     -17.3348     -24.8720   0.00276086
600           1431.32      6.03781      5.92694       2      49.2307
      7.39393      7.86635     -17.3348     -24.8586   0.00320725
600           1426.89      6.04124      6.10083       2      49.1216
      7.95574      1.84233     -17.3348     -24.8473   0.00413449
600           1415.09      6.13452      6.28389       2      49.2729
      7.33985      8.40814     -17.3348     -24.8352   0.00441380
600           1396.91      6.12817      6.46056       2      49.2230
      7.91823      4.15489     -17.3348     -24.8232   0.00482011
600           1372.85      6.11673      6.63333       1      49.0943
      7.88917      2.52616     -17.3348     -24.8114   0.00403793
600           1286.92      6.59841      7.06667       1      49.3714
      7.52101      8.10648     -17.3348     -24.7809   0.00463712
600           1240.03      6.62819      7.25167       1      49.3801
      7.34875      9.45896     -17.3348     -24.7676   0.00156692
300           392.684      9.86793      2.62056       2      49.2256
      7.79743      13.4097      38.0456     -6.48019 -0.000830033
600           1188.96      6.61361      7.43250       1      49.1556
      7.79513      2.47907     -17.3348     -24.7545   0.00352761
600           1132.17      6.99479      7.61667       1      49.3314
      7.02052      9.50547     -17.3348     -24.7411   0.00343845
600           1070.12      7.37517      7.80389       1      49.2242
      7.95933      6.64816     -17.3348     -24.7274   0.00626655
600           939.084      7.80850      8.16944       1      49.3075
      7.65861      6.76349     -17.3348     -24.7006   0.00152160
600           873.489      8.18093      8.34333       1      49.1523
      8.00959      4.92787     -17.3348     -24.6879   0.00351354
600           798.520      8.51442      8.53833       1      49.2176
      7.46771      7.90023     -17.3348     -24.6737   0.00381656
600           726.968      9.05887      8.72306       1      49.2027
      7.51757      8.13751     -17.3348     -24.6603   0.00369827
300           641.198      9.29754      8.94583       1      49.1691
      7.55228      9.33666     -17.3348     -24.6444   0.00103296
300           605.871      9.40674      9.03889       1      49.0327
      7.56129      5.84995     -17.3348     -24.6377   0.00143656
300           571.617      9.88130      9.13028       1      49.1289
      8.05624      1.71792     -17.3348     -24.6313   0.00527389
300           422.343      9.27590      2.72806       2      49.0727
      8.13224      7.80319      38.0456     -6.47393  0.000213982
300           530.909      9.98464      9.24083       1      49.2592
      7.27428      7.62927     -17.3348     -24.6235   0.00102203
300           497.487      10.1707      9.33361       1      49.2268
      7.65436      6.89688     -17.3348     -24.6170   0.00398140
300           459.461      10.7727      9.44194       2      49.2943
      8.35865      5.53704     -17.3348     -24.6096 -0.000623467
300           428.707      10.5354      9.53222       2      49.4411
      7.35254      8.97221     -17.3348     -24.6034 -0.000565663
300           394.043      11.4646      9.63750       2      49.2845
      7.96586      7.89882     -17.3348     -24.5962   0.00303935
300           325.392      11.7638      9.86083       2      49.3116
      7.72879      5.61134     -17.3348     -24.5813   0.00162368
300           464.787      8.96576      2.87833       2      49.0614
      7.97056      3.69324      38.0456     -6.46531  -0.00281414
300           493.907      8.72185      2.97972       2      49.0227
      8.44616      4.90949      38.0456     -6.45960 -0.000326026
300           568.304      8.82579      3.23556       2      49.0675
      7.34905      9.07471      38.0456     -6.44556 -0.000158504
300           595.602      8.73068      3.32917       2      48.8957
      8.46340      6.29451      38.0456     -6.44057  -0.00163766
300           621.440      8.61912      3.41806       2      48.8798
      6.86072      7.54253      38.0456     -6.43591  0.000343324
