300           726.902      9.55400      4.07556       2      49.2397
      7.00476      12.4344      38.0456     -6.61115   0.00162033
600           1546.03      7.52562      5.65500       3      49.3645
      7.30338      11.0901     -36.4175     -24.8222  -0.00472129
600           1542.74      7.26823      5.83167       3      49.1783
      7.25234      7.98989     -36.4175     -24.8091  -0.00363749
600           1531.06      7.32946      6.02028       3      49.1857
      7.69076      4.84300     -36.4175     -24.7947  -0.00337315
600           1512.51      7.27452      6.19806       3      49.0814
      7.57282      4.40437     -36.4175     -24.7808  -0.00238350
600           1487.78      7.32693      6.37028       3      49.0502
      7.63405      7.01979     -36.4175     -24.7669  -0.00392495
300           752.481      9.41742      4.17861       2      49.0289
      7.13928      12.7447      38.0456     -6.60595  0.000844813
300           780.087      9.25934      4.29361       3      48.8555
      8.08752      9.03758      38.0456     -6.60028  -0.00256603
300           806.027      9.18483      4.40611       3      49.2730
      7.15502      15.1523      38.0456     -6.59489  -0.00456742
300           829.796      9.10401      4.51389       3      49.0364
      7.12850      10.7360      38.0456     -6.58985  -0.00269926
300           869.396      8.73641      4.70667       3      48.9310
      7.84845      5.36720      38.0456     -6.58120 -0.000615821
300           890.428      9.07479      4.81806       3      49.1286
      7.18841      10.2545      38.0456     -6.57641   0.00175584
300           910.990      9.18655      4.93528       3      49.2371
      7.07619      13.7850      38.0456     -6.57154 -0.000518615
600           1541.23      7.50382      5.46556       3      49.2363
      7.45081      5.04227     -36.4175     -24.8356  -0.00606083
