300           441.061      9.57837      2.82694       2      48.9980
      8.05754      11.7373      38.0456     -6.48778  -0.00140377
300           497.679      9.04371      3.02611       2      48.8833
      7.48407      8.94557      38.0456     -6.47642  -0.00226334
300           525.533      9.27024      3.12278       2      48.8777
      8.02262      10.6131      38.0456     -6.47102  -0.00293158
300           558.252      9.03279      3.23583       2      48.8390
      7.73726      5.81976      38.0456     -6.46481  0.000204128
300           589.136      8.61985      3.34250       2      48.8008
      7.81567      8.32019      38.0456     -6.45905  -0.00356377
300           616.472      8.45769      3.43722       2      48.8537
      7.25931      9.05059      38.0456     -6.45403  -0.00221601
300           646.334      8.73637      3.54139       2      48.7966
      7.82128      7.76581      38.0456     -6.44860  -0.00117822
300           676.116      8.77061      3.64639       2      48.9383
      8.45765      8.03862      38.0456     -6.44324  -0.00236930
300           701.846      8.44990      3.73833       2      48.7419
      8.06085      11.3241      38.0456     -6.43865  -0.00435178
300           727.558      8.54279      3.83167       2      48.6836
      7.63935      15.4231      38.0456     -6.43407 -0.000624323
300           245.612      10.2620      2.05500       1      49.1303
      7.60735      10.7685      38.0456     -6.53430  -0.00199003
300           754.346      8.49643      3.93083       3      48.5641
      7.37020      9.66499      38.0456     -6.42932  -0.00402840
300           835.303      8.07205      4.24750       3      48.7894
      7.82497      8.38233      38.0456     -6.41490  -0.00156342
300           859.333      8.25775      4.34833       3      48.5388
      8.38764      2.68373      38.0456     -6.41056  -0.00231185
300           881.209      7.54583      4.44389       3      48.7208
      7.15514      6.06832      38.0456     -6.40657   0.00122589
300           903.043      7.94709      4.54361       3      48.5286
      7.52835      7.08051      38.0456     -6.40253  -0.00220537
300           923.179      8.26511      4.64028       3      48.8496
      7.67165      11.3541      38.0456     -6.39874  -0.00115859
300           1289.32      5.64389      4.89250       3      48.8622
      6.33154      3.52098     -17.3348     -25.1512   0.00310297
600           1315.54      5.55014      5.02417       3      48.9700
      7.70453      3.05539     -17.3348     -25.1442   0.00247527
600           1236.06      6.46425      7.15806       1      48.7837
      7.60452      3.68670     -17.3348     -25.0077   0.00282104
600           1189.67      6.57463      7.33528       1      48.8022
      7.51452      3.80964     -17.3348     -24.9950   0.00682600
300           266.676      10.2730      2.15028       1      48.9576
      7.81538      7.84706      38.0456     -6.52839  -0.00360482
600           968.630      7.81286      8.02778       1      49.0888
      7.65641      7.03291     -17.3348     -24.9447   0.00338295
600           902.907      8.13147      8.20972       1      48.8934
      7.99968      4.41372     -17.3348     -24.9314   0.00118950
600           833.252      8.45258      8.39722       1      49.1082
      7.39396      9.60015     -17.3348     -24.9177   0.00589735
600           767.932      8.47222      8.57028       1      48.9262
      7.38990      7.14655     -17.3348     -24.9051   0.00239411
300           692.844      9.12103      8.76833       1      48.9595
      7.35760      7.82113     -17.3348     -24.8908   0.00189291
300           656.149      9.09450      8.86556       1      49.0816
      8.20099      8.93773     -17.3348     -24.8838  -0.00121085
300           565.363      9.66742      9.11000       1      48.9386
      7.52432    -0.584154     -17.3348     -24.8664  -0.00100052
300           531.459      10.2471      9.20361       1      48.9863
      7.98771      3.59637     -17.3348     -24.8598 -0.000420829
300           484.014      10.3910      9.33778       1      49.0774
      7.29820      9.33311     -17.3348     -24.8504   0.00166811
300           452.895      10.9918      9.42833       1      48.9590
      7.89504      2.93985     -17.3348     -24.8442  -0.00178601
300           287.666      9.94231      2.24083       1      48.9674
      7.95455      7.88817      38.0456     -6.52280  -0.00238429
300           420.874      11.1606      9.52417       2      49.1889
      7.20078      8.97499     -17.3348     -24.8376   0.00233213
300           391.397      11.4465      9.61528       2      49.2012
      7.27283      9.75297     -17.3348     -24.8314   0.00334513
300           359.052      11.6924      9.71917       2      48.9965
      8.04147      5.98336     -17.3348     -24.8244  0.000605366
300           330.031      12.1660      9.81667       2      48.9846
      7.58180      7.67502     -17.3348     -24.8178 -0.000634513
300           304.863      12.3549      9.90528       2      49.1044
      7.70850      6.99940     -17.3348     -24.8120  -0.00112185
300           310.138      10.0754      2.33389       1      49.0285
      8.29023      9.66967      38.0456     -6.51711  -0.00367720
300           336.917      9.74094      2.44056       1      48.7861
      8.44152      2.86071      38.0456     -6.51063  -0.00117372
300           361.584      9.91667      2.53556       2      48.8402
      8.21901      8.00544      38.0456     -6.50493  -0.00266927
300           385.952      9.64800      2.62694       2      49.0899
      7.66201      11.7775      38.0456     -6.49949  -0.00162067
300           414.231      9.49045      2.73056       2      48.9001
      8.36100      10.2361      38.0456     -6.49339  -0.00470260
