600           8586.87      5.69361      2.73361       5      43.9736
      6.84599     0.906113      81.3458     -15.0540   -0.0195865
900           8544.73      3.14156      5.40028       3      44.1145
      7.02957      5.24221      81.3458     -14.8897  -0.00651987
900           8265.46      3.11859      5.70028       3      44.2426
      6.83081      6.96968      81.3458     -14.8638  -0.00539149
900           7957.75      3.29307      5.98444       3      44.0967
      7.24072      6.08258      81.3458     -14.8381  -0.00407621
900           7591.90      3.03684      6.28389       3      43.8031
      7.01658    -0.957621      81.3458     -14.8102  -0.00321071
900           7187.46      3.26921      6.58361       2      43.9298
      6.77571      8.45942      81.3458     -14.7814  -0.00396521
900           6770.26      3.34043      6.86972       2      43.7222
      7.22871      3.31326      81.3458     -14.7532  -0.00163535
900           8754.58      5.19280      2.95083       5      44.1501
      7.39876     0.490112      81.3458     -15.0458   -0.0303916
900           8928.75      4.53770      3.23361       5      43.9881
      6.84282    -0.421873      81.3458     -15.0337   -0.0253155
900           9057.71      4.21682      3.53500       4      43.9932
      6.81006      4.69264      81.3458     -15.0189   -0.0187384
900           9124.88      3.87428      3.82028       4      44.0263
      6.79258      5.44824      81.3458     -15.0033   -0.0150429
900           9137.74      3.59139      4.11694       4      43.7171
      6.68841      4.58001      81.3458     -14.9853  -0.00917679
900           9091.13      3.21936      4.42028       4      43.8436
      6.12717      2.03775      81.3458     -14.9652   -0.0103177
900           8995.15      3.18038      4.70083       4      43.5900
      7.12492      1.16914      81.3458     -14.9452  -0.00775976
900           8847.22      3.07577      4.98556       3      43.6422
      7.48731     -3.30696      81.3458     -14.9235  -0.00727420
