300           328.023      14.3555      1.46694       4      44.9012
      8.98333      3.00393     -41.5263      36.4903  -0.00863989
600           1689.41      7.32796      3.03361       3      44.9250
      8.00983      6.96024      53.4891      3.96805   -0.0116785
600           1852.01      6.93664      3.23361       2      44.8229
      8.22641      6.45155      53.4891      3.97767  -0.00952494
600           2002.11      6.68696      3.42028       2      44.8227
      7.71679      10.1436      53.4891      3.98696  -0.00880649
600           2156.94      6.37531      3.61694       2      44.6841
      8.18746      5.92262      53.4891      3.99705  -0.00987907
600           2297.86      6.11123      3.80167       2      44.6652
      7.75121      10.4963      53.4891      4.00679  -0.00883305
600           2524.83      5.76202      4.11694       2      44.8507
      7.85867      10.1460      53.4891      4.02395  -0.00909688
600           2647.29      5.86619      4.30056       2      44.7597
      8.83177      7.81711      53.4891      4.03422   -0.0102128
600           2762.19      5.42399      4.48556       2      44.9679
      7.41118      12.0416      53.4891      4.04477   -0.0101738
600           2874.74      5.29851      4.68361       2      44.6051
      8.02746      8.61359      53.4891      4.05625  -0.00781609
600           2977.09      5.29102      4.88500       2      44.4287
      8.20426      9.80712      53.4891      4.06809  -0.00782175
300           359.512      15.0833      1.60028       4      44.8281
      8.53682      11.0333     -41.5263      36.4962   -0.0100281
600           3072.68      5.16523      5.10194       2      44.6007
      8.04036      12.2701      53.4891      4.08102  -0.00786643
600           3556.36      4.51547      5.43389       1      44.5685
      7.61582      8.28754      53.4985      8.60625  -0.00671353
600           3627.90      4.51559      5.65111       1      44.5383
      8.07195      6.86197      53.4985      8.62200  -0.00803780
600           3679.41      4.45114      5.86694       1      44.4909
      7.42836      9.68524      53.4985      8.63761  -0.00790161
900           9345.29      2.92737      6.11694       3      44.4327
      6.69093      3.72687      76.8859     -12.5299  -0.00570100
900           8827.97      3.09688      6.41694       3      44.4046
      7.32387      5.23285      76.8859     -12.4995  -0.00236865
900           8304.37      3.06742      6.70056       3      44.2660
      7.38708    -0.626470      76.8859     -12.4703  -0.00949614
900           7552.52      3.41392      7.08417       2      44.8116
      7.12234      9.93184      76.8859     -12.4300  -0.00511767
900           6936.31      3.57061      7.38500       2      44.4791
      7.73170      6.74480      76.8859     -12.3981  -0.00102538
900           6344.17      3.67151      7.66722       2      44.6181
      7.23784      7.45013      76.8859     -12.3681  -0.00288676
300           387.799      14.6963      1.71778       4      44.4123
      8.77497    -0.268828     -41.5263      36.5012   -0.0110330
900           5774.00      3.84553      7.93583       2      44.3101
      7.75135      2.30437      76.8859     -12.3396  -0.00328078
600           4964.42      4.22530      8.31750       2      44.3563
      8.82340     -3.73472      76.8859     -12.2993  -0.00455972
600           4545.59      4.75468      8.51750       3      44.6541
      8.63568      6.37488      76.8859     -12.2785 -0.000245445
600           4126.43      4.77821      8.72111       3      44.5426
      7.98163      2.43527      76.8859     -12.2574  -0.00399679
600           3720.03      5.43410      8.92333       3      44.5862
      7.44008      10.9210      76.8859     -12.2368 -0.000208364
600           3310.23      5.75780      9.13389       3      44.4694
      8.23402      3.65677      76.8859     -12.2157  -0.00141466
600           2931.68      6.29548      9.33639       3      44.2203
      8.10692      2.22594      76.8859     -12.1958  -0.00411752
600           1418.07      8.69381      9.75250       2      44.7081
      8.08686      3.47890      69.9672     -26.9204  -0.00286725
600           1237.74      9.45301      9.95083       3      44.6512
      8.44575      4.17397      69.9672     -26.9005  -0.00300327
300           1067.63      9.96757      10.1506       3      44.7096
      8.37909      4.07506      69.9672     -26.8807  -0.00359477
300           420.122      14.8571      1.85056       4      44.5230
      9.56021      3.31356     -41.5263      36.5064  -0.00790590
300           987.110      10.3832      10.2506       3      44.5409
      8.77395      5.60788      69.9672     -26.8709  -0.00171356
300           909.849      10.8904      10.3506       3      44.7667
      8.48393      2.38055      69.9672     -26.8611  -0.00358154
300           835.551      11.4094      10.4511       3      44.8317
      8.00394      11.1085      69.9672     -26.8514  -0.00111886
300           765.510      11.4370      10.5506       3      44.7521
      8.23109      5.80960      69.9672     -26.8418  -0.00300887
300           666.499      12.8018      10.7006       3      44.6079
      8.91633      5.42819      69.9672     -26.8275  -0.00127556
300           601.709      12.8697      10.8061       3      44.6342
      8.38089      1.04448      69.9672     -26.8176  -0.00233703
300           546.282      13.8273      10.9022       3      44.6643
      8.76597      3.67205      69.9672     -26.8087  -0.00199748
300           484.467      13.8960      11.0172       3      44.6726
      8.08905      7.67359      69.9672     -26.7982  -0.00132853
300           433.528      15.0079      11.1197       3      44.6765
      8.59038      8.45307      69.9672     -26.7889  -0.00109782
300           387.607      15.2632      11.2197       3      44.5784
      8.55984      3.15246      69.9672     -26.7799  -0.00404950
300           444.495      13.9891      1.95028       4      44.4108
      8.54031      5.07949     -41.5263      36.5101  -0.00802138
300           346.410      15.6988      11.3172       3      44.5473
      8.43171      3.12414      69.9672     -26.7713  -0.00656227
300           472.949      14.3965      2.06694       5      44.3882
      8.66078      3.71592     -41.5263      36.5143   -0.0146037
300           1655.32      6.79602      2.40056       3      45.4666
      7.81022      14.5044      33.0560      25.1197   -0.0125557
600           1806.37      6.86324      2.51750       3      44.7568
      7.71619      4.46208      33.0560      25.1312   -0.0264530
600           1529.23      8.15121      2.83667       3      45.2472
      8.03704      12.3281      53.4891      3.95892  -0.00823927
