600           671.362      9.68523      5.17250       1      43.4899
      8.70421      6.06576      38.0456     -15.1004  -0.00365523
600           557.445      10.7671      7.50444       1      43.4853
      7.92336      8.07329      27.4608     -20.9194 -3.93640e-05
600           521.613      11.2674      7.69750       1      43.5186
      7.82732      10.2468      27.4608     -20.9060 -0.000637790
600           485.262      11.6559      7.88250       1      43.4828
      8.09638      10.2088      27.4608     -20.8932  -0.00305451
600           380.381      12.4876      8.34556       1      43.4504
      8.35609      5.75742      17.2403     -25.7517    0.0121772
600           342.996      12.7616      8.52972       1      43.4278
      8.29279      5.36792      17.2403     -25.7390    0.0162046
300           303.099      13.1808      8.73028       1      43.3750
      8.08550      7.62493      17.2403     -25.7253   0.00810961
300           284.980      13.3187      8.82389       1      43.4609
      8.11575      7.18301      17.2403     -25.7189   0.00409992
300           267.552      13.2332      8.91611       1      43.3357
      7.87325      8.01615      17.2403     -25.7127   0.00559994
300           247.665      13.5858      9.02472       1      43.1803
      8.34151      2.94514      17.2403     -25.7054   0.00254537
300           230.353      13.6693      9.12306       1      43.1724
      8.38519      5.19898      17.2403     -25.6989   0.00150192
600           689.914      9.59437      5.37278       1      43.6029
      8.28653      8.75185      38.0456     -15.0862  -0.00981537
600           703.262      9.25732      5.57139       1      43.6810
      7.94408      7.91062      38.0456     -15.0721  -0.00527871
600           711.432      9.45889      5.77222       1      43.6321
      8.18093      8.28886      38.0456     -15.0577  -0.00391034
600           714.104      9.36800      5.95722       1      43.4823
      8.39898      6.24940      38.0456     -15.0445  -0.00329612
600           711.727      9.43512      6.15667       1      43.5274
      8.49814      5.79478      38.0456     -15.0303  -0.00573530
600           679.403      10.2591      6.68694       1      43.3525
      8.09869      7.21193      38.0456     -14.9929  -0.00442549
600           589.746      10.5023      7.31639       1      43.4957
      8.22521      4.51677      27.4608     -20.9327  0.000641514
