600           709.898      8.26272      5.42250       1      47.6620
      8.61038      14.6909      43.4450     -12.2549  -0.00477847
300           336.681      15.1856      8.61167       2      43.6294
      8.17140      2.64329      27.4608     -21.2167  -0.00274287
300           316.817      15.4048      8.70806       2      43.6083
      7.85172      5.75699      27.4608     -21.2105  -0.00326085
300           292.883      15.5584      8.81139       2      43.5475
      7.97703      5.37429      22.2883     -23.7822  -0.00349696
300           272.084      15.8141      8.91861       2      43.4673
      8.14850      5.56629      22.2883     -23.7751  -0.00539735
300           252.023      15.6443      9.02556       2      43.5431
      7.90134      5.26523      22.2883     -23.7681  -0.00631166
600           722.119      8.09360      5.61556       1      47.6783
      8.03426      13.6932      43.4450     -12.2406  -0.00402608
600           729.571      8.10575      5.82278       1      47.6404
      8.32622      15.7226      43.4450     -12.2254  -0.00161197
600           722.052      11.3806      6.33861       1      43.7382
      7.79962      8.59973      43.4450     -12.1879  -0.00103824
600           654.325      11.7012      6.97111       1      43.8559
      7.77648      7.32105      27.1193     -21.6456   0.00221250
600           620.980      11.8552      7.19833       1      43.7453
      8.09340      4.73676      27.1193     -21.6289 -0.000728797
600           517.099      13.0531      7.74444       1      43.7693
      7.93289      7.46935      27.4608     -21.2753   0.00381018
600           475.850      13.5143      7.94944       1      43.7466
      8.09504      6.36813      27.4608     -21.2611   0.00228027
600           400.803      14.9078      8.30722       2      43.7048
      8.27774      6.26873      27.4608     -21.2368  0.000106635
