600           7970.63      2.72456      3.92778       2      51.9020
      7.39307      12.7546     -40.0319      17.5783   -0.0112699
900           2405.30      5.66884      8.05083       3      52.1021
      7.34123      14.5976      46.7231     -24.0082  -0.00635930
900           2229.10      5.91217      8.32694       3      51.9959
      8.00229      10.8537      46.7231     -23.9937  -0.00732411
600           1885.06      6.37595      8.84444       2      52.0754
      8.42906      9.30441      46.7231     -23.9640  -0.00426893
600           1765.50      6.63341      9.02139       2      52.0799
      8.38761      14.6271      46.7231     -23.9531   -0.0109299
600           1648.44      6.95491      9.19472       2      52.0714
      7.87561      13.2801      46.7231     -23.9422  -0.00537426
600           1521.82      7.22033      9.38333       2      51.9345
      7.98398      12.3111      46.7231     -23.9300  -0.00629190
600           1139.86      7.97004      9.97250       2      51.9970
      8.42369      11.9440      46.7231     -23.8898   -0.0102790
600           1026.75      8.71217      10.1575       1      51.9880
      7.92026      11.2112      46.7231     -23.8767  -0.00709599
600           921.591      9.21729      10.3364       1      52.0161
      8.15207      10.6872      46.7231     -23.8638  -0.00388379
1200          8456.33      2.64345      4.12000       2      51.7587
      7.06591      15.1257     -40.0319      17.5982   -0.0195825
600           821.615      9.66060      10.5144       1      51.8027
      8.75130      7.43430      46.7231     -23.8509  -0.00473324
300           722.692      10.3213      10.7006       1      51.9416
      8.61174      9.62496      46.7231     -23.8372  -0.00260467
300           627.344      10.5217      10.8922       1      51.8127
      8.17850      6.43981      46.7231     -23.8230  -0.00226397
300           583.986      11.2216      10.9844       1      51.9944
      7.89717      17.0626      46.7231     -23.8161  -0.00279433
300           535.728      11.1255      11.0917       1      51.8072
      8.65765      6.90995      46.7231     -23.8081 -0.000639404
300           495.661      11.4455      11.1850       1      51.9194
      7.63494      8.85808      46.7231     -23.8011 -0.000522834
300           451.923      11.3824      11.2922       1      51.8597
      7.85373      11.4958      46.7231     -23.7931  -0.00767190
300           414.637      12.0863      11.3889       1      51.9254
      7.33881      12.1298      46.7231     -23.7859  -0.00255045
1200          9420.81      2.45622      4.50278       2      51.8556
      6.75703      17.0592     -40.0319      17.6377   -0.0196990
1200          10644.6      2.35547      4.99750       2      51.8278
      6.10483      19.1347     -40.0319      17.6878   -0.0186034
1200          11859.9      2.28153      5.51028       3      51.7335
      6.34214      13.8483     -40.0319      17.7382   -0.0198349
1200          67963.3      1.41453      5.89500       2      51.8151
      5.67430      21.4063     -29.2131      12.3931   -0.0345359
1200          13913.7      2.27276      6.48028       3      51.5428
      6.34789      15.3522     -40.0319      17.8264   -0.0197447
1200          14675.1      2.41885      6.90417       3      51.5700
      6.00514      16.6964     -40.0319      17.8611   -0.0189146
1200          15324.5      2.50615      7.32056       4      51.6128
      5.76273      13.4553     -40.0319      17.8924   -0.0217711
