600           4402.07      1.29873      4.90389       3      53.2310
      6.35797      13.9537     -17.3348      8.58935  0.000231304
600           4605.97      3.81969      5.22944       3      52.0948
      7.71727      15.6477     -17.3348      8.60687  -0.00314857
600           4709.12      3.06296      5.41806       3      52.0405
      7.52641      9.05776     -17.3348      8.61639  -0.00409337
600           4797.83     0.947430      5.60083       3      52.8173
      5.00852      2.61925     -17.3348      8.62515  -0.00189141
600           5548.90      3.21097      6.49000       2      52.1068
      6.98629      10.3133      20.1045     -12.3154  -0.00388097
600           5350.22      2.76408      6.71083       2      52.5799
      7.46208      10.6129      20.1045     -12.3000  -0.00314484
600           5167.29     0.912919      6.90028       2      53.0979
      6.52217     0.667686      20.1045     -12.2864  -0.00160947
600           4588.26      3.70772      7.44417       1      52.2957
      7.18646      19.0258      20.1045     -12.2461  -0.00243052
600           4358.60      3.33927      7.64472       1      52.3453
      7.53363      9.49342      20.1045     -12.2308  -0.00375339
600           2832.63      4.78234      3.07750       1      52.1286
      8.04893      14.6715     -17.3348      8.47017  -0.00436002
600           4138.39     0.998059      7.83194       1      52.9380
      7.85328     -8.70327      20.1045     -12.2163  -0.00142026
600           3473.92      4.29518      8.37972       1      52.1927
      7.31013      13.7531      20.1045     -12.1733  -0.00517877
600           3242.71      3.71720      8.56806       1      52.1102
      7.81096      8.49060      20.1045     -12.1584  -0.00157759
600           3018.01      1.34366      8.75167       1      52.9640
      8.66045      2.40528      20.1045     -12.1438  -0.00173396
600           2791.25      4.96536      8.93861       1      52.0822
      8.16027      11.4292      20.1045     -12.1289  0.000519164
600           2567.79      4.63543      9.12556       1      52.2466
      8.16781      9.96834      20.1045     -12.1141 -0.000512865
600           2351.81      1.59532      9.31000       1      53.3758
      7.98188      6.83253      20.1045     -12.0996  0.000911645
600           1531.42      6.83969      9.83500       1      52.0785
      7.85617      8.50448      30.4563     -16.9939 -0.000248102
600           1370.77      6.13665      10.0258       1      52.1942
      7.89033      7.65326      30.4563     -16.9793  -0.00373584
600           1223.28      2.40411      10.2094       1      53.3433
      7.45163      9.10550      30.4563     -16.9654  0.000207813
600           3009.67      1.37757      3.26111       2      53.3190
      7.62914      2.65224     -17.3348      8.48340  -0.00234659
600           936.843      8.81855      10.5986       1      51.9359
      8.31323      6.55992      30.4563     -16.9360  -0.00829285
300           812.658      8.07999      10.7864       1      52.1082
      7.97435      8.39777      30.4563     -16.9220  -0.00133735
300           749.323      2.82171      10.8883       1      53.4988
      7.75635      9.71015      30.4563     -16.9145 -0.000161622
300           689.425      2.89249      10.9894       1      52.7899
      7.31030      10.2639      30.4563     -16.9071 -0.000175876
300           632.487      8.97808      11.0906       1      52.3149
      8.11769      8.80220      30.4563     -16.8997  -0.00225214
300           576.966      10.8207      11.1947       2      52.1944
      8.14735      7.23405      30.4563     -16.8922  -0.00744234
300           517.797      9.18003      11.3131       2      52.1693
      7.70885      8.46129      30.4563     -16.8837  -0.00226079
300           470.551      2.95238      11.4142       2      53.6312
      7.84416     -9.55641      30.4563     -16.8766 -0.000878078
300           424.725      10.1062      11.5192       2      52.2376
      7.93615      11.9615      30.4563     -16.8692 -0.000261628
300           383.167      12.6382      11.6217       2      52.1797
      8.07919      9.12442      30.4563     -16.8621  -0.00314792
600           3191.11      3.79691      3.45139       2      52.2368
      8.07453      11.1782     -17.3348      8.49689  -0.00486836
300           347.740      12.9802      11.7158       2      52.0763
      8.62544      6.10810      30.4563     -16.8557  -0.00366611
300           314.836      12.7133      11.8103       2      51.8885
      8.56174     -1.84063      30.4563     -16.8493  -0.00811045
300           281.900      13.4082      11.9133       2      51.8373
      8.22031      3.13247      30.4563     -16.8424   -0.0110812
600           3520.07      4.10236      3.80583       2      52.2456
      7.05172      17.8146     -17.3348      8.52129  -0.00297906
600           3687.25      1.20402      3.99306       2      53.0438
      6.08560      9.28131     -17.3348      8.53376  -0.00336063
600           3845.12      3.37621      4.17611       2      51.9646
      7.28364      8.51309     -17.3348      8.54563  -0.00747302
600           4126.87      4.05658      4.52389       2      52.0425
      7.98009      15.1091     -17.3348      8.56726  -0.00723894
600           4273.55      3.06728      4.72000       3      52.3573
      7.05112      13.2666     -17.3348      8.57887  -0.00557973
