600           5919.60      3.72165      7.39361       1      52.1540
      8.17897      9.94688      19.4766     -8.25550  -0.00575802
600           2395.58      6.54485      9.71083       2      52.2337
      8.26305      8.64629      19.4766     -8.05830  -0.00463200
600           1760.24      7.47181      9.90917       1      52.2934
      8.51278      7.47190      30.5436     -13.9826  -0.00598787
600           1572.01      7.99247      10.1008       1      52.2930
      8.30727      5.47079      30.5436     -13.9669  -0.00556601
600           1211.85      8.69345      10.2950       1      52.3818
      8.37213      5.98999      41.9366     -19.5110  -0.00705956
600           1076.14      9.11350      10.4814       1      52.3344
      8.04565      9.03062      41.9366     -19.4960  -0.00461814
600           967.759      10.3038      10.8064       2      52.2782
      8.49014      4.56829      30.5436     -13.9104  -0.00188044
300           814.186      11.2398      11.0222       2      52.4327
      8.71653      4.98720      30.5436     -13.8938  -0.00306757
300           658.701      11.1858      11.1461       1      52.5960
      8.08024      11.7570      41.9366     -19.4434  -0.00431207
300           607.180      12.0318      11.2433       1      52.2659
      7.92352      11.6055      41.9366     -19.4358  -0.00567165
300           561.500      11.7923      11.3339       1      52.2277
      8.01882      7.65809      41.9366     -19.4288  -0.00385290
600           5620.21      3.74376      7.59250       1      52.1950
      7.23678      14.4798      19.4766     -8.23858  -0.00291064
300           448.324      12.0950      11.5017       1      52.1702
      8.08422      4.98693      53.4034     -24.2215  -0.00234594
300           412.303      12.2888      11.5947       1      52.2861
      7.87260      9.16561      53.4034     -24.2144 -0.000612581
300           376.918      12.8216      11.6917       1      52.1707
      7.85957      7.95780      53.4034     -24.2071  -0.00179677
300           344.843      13.0740      11.7853       1      51.9882
      8.19917      6.06803      53.4034     -24.2000  -0.00219258
300           314.490      13.4227      11.8800       1      52.0790
      8.47834      1.56281      53.4034     -24.1928  -0.00345373
300           284.350      13.0120      11.9814       1      52.1333
      7.53322      2.72003      53.4034     -24.1852  -0.00625372
300           248.409      13.6179      12.1147       1      52.1320
      7.79717      3.77100      53.4034     -24.1753   -0.0117650
600           4184.65      4.61184      7.78194       2      52.3532
      8.94782      5.58845      30.5436     -14.1578  -0.00528375
600           3971.20      4.71397      7.96639       1      52.3799
      8.24080      9.86277      30.5436     -14.1432  -0.00335075
600           4098.05      4.80474      8.56500       1      52.4213
      8.10599      17.6827      19.4766     -8.15480  -0.00279276
600           3820.79      4.80389      8.74222       1      52.3124
      7.66110      13.8593      19.4766     -8.13956  -0.00133678
600           2815.54      5.78405      8.94694       1      52.1782
      8.73003      8.17508      30.5436     -14.0628  -0.00622929
600           2610.19      6.01888      9.12472       1      52.1717
      8.46028      5.06560      30.5436     -14.0480  -0.00587604
600           2678.77      6.02358      9.50611       1      52.4279
      8.12038      8.10401      19.4766     -8.07508  -0.00729520
