600           414.725      8.56371      1.93806       2      46.0300
      8.49533      11.0156      64.9690      16.9251   -0.0185292
600           1550.28      5.37867      4.09722       1      45.1687
      8.99335      7.32681      64.9690      17.1053   -0.0116526
600           1748.01      5.15089      4.48389       1      45.5616
      7.92371      11.6969      64.9690      17.1388   -0.0109690
600           1838.88      4.87571      4.67861       1      45.3890
      8.23839      7.43454      64.9690      17.1555   -0.0127501
600           2094.70      4.92859      4.87583       1      45.8498
      7.39929      20.4411      76.4809      8.13315  -0.00566034
600           2169.26      4.85168      5.06333       1      45.6126
      8.60950      9.43522      76.4809      8.14975  -0.00759923
600           2258.75      4.81154      5.33139       1      45.5918
      8.25408      14.1197      76.4809      8.17346  -0.00931389
600           2310.65      4.76537      5.52806       1      45.0674
      8.41902      7.50590      76.4809      8.19078  -0.00693382
600           2348.16      4.88753      5.71278       1      45.4724
      8.63986      14.9982      76.4809      8.20696  -0.00514894
600           2375.23      4.86269      5.90528       1      45.5181
      8.43317      13.5066      76.4809      8.22368  -0.00984086
600           532.156      8.31746      2.21583       2      45.8896
      8.80273      12.7535      64.9690      16.9467   -0.0136014
900           10538.8      2.72694      6.47250       3      45.6750
      8.13327      1.70971      61.3326     -8.72518  -0.00389170
900           9819.10      3.00849      6.76278       3      45.5957
      9.12044     -5.11897      61.3326     -8.69314  -0.00451518
900           9077.86      2.93872      7.04028       3      45.3588
      7.68484    -0.762808      61.3326     -8.66264  -0.00198415
900           8052.20      3.33478      7.40194       3      45.5765
      8.22560     0.763218      61.3326     -8.62329  -0.00255171
900           7252.90      3.55096      7.67333       4      45.6265
      7.48482      3.91137      61.3326     -8.59424   0.00120792
900           6452.36      3.80751      7.94111       4      45.6245
      8.08327      5.17663      61.3326     -8.56608  -0.00189404
900           5588.92      4.31672      8.23028       4      45.4439
      8.75702      1.00307      61.3326     -8.53638  -0.00319401
600           4576.88      4.74031      8.57722       4      45.5533
      7.09778      7.25235      61.3326     -8.50191  -0.00442937
600           4034.37      5.20834      8.77056       4      45.2679
      8.58026     0.169629      61.3326     -8.48332  -0.00193086
600           753.991      7.07506      2.66917       2      45.9047
      8.71961      7.89845      64.9690      16.9833   -0.0111696
600           862.140      6.85068      2.87139       2      45.6602
      8.75154      7.21309      64.9690      17.0001   -0.0133607
600           962.616      6.69084      3.05306       1      45.7052
      7.97658      13.8312      64.9690      17.0154   -0.0109351
600           1073.58      6.30327      3.24944       1      45.7416
      8.27000      11.7107      64.9690      17.0321   -0.0163872
600           1227.20      5.94365      3.51833       1      45.8330
      8.31778      14.6172      64.9690      17.0552   -0.0123788
600           1340.04      5.83314      3.71667       1      45.6941
      8.77017      13.5271      64.9690      17.0723   -0.0102782
600           1443.03      5.55644      3.90056       1      45.6543
      8.87658      8.82218      64.9690      17.0882  -0.00984798
