300           564.359      8.00697      2.25167       2      46.6101
      8.59202      14.7700      64.9690      16.6146  -0.00666441
600           1694.15      5.54743      4.28583       1      45.6983
      8.15958      17.1951      64.9690      16.7868   -0.0112633
600           2023.93      5.26806      4.60083       1      45.5785
      8.79611      8.85328      76.4809      7.73219   -0.0120787
600           2118.95      5.23189      4.80056       1      45.5905
      8.96934      7.67491      76.4809      7.74985  -0.00903813
600           2197.31      5.19174      4.98389       1      45.5694
      8.24903      13.7839      76.4809      7.76611  -0.00876045
600           2276.79      5.05791      5.19722       1      45.8997
      8.47817      14.3509      76.4809      7.78504   -0.0112722
600           2335.55      4.85864      5.38500       1      45.5370
      9.05626      4.11709      76.4809      7.80168  -0.00988512
600           2408.58      4.88505      5.69833       1      45.5784
      7.73587      13.2369      76.4809      7.82930  -0.00767902
600           2437.57      5.00677      5.89472       1      45.4417
      8.36656      13.0797      76.4809      7.84646  -0.00364327
600           2350.33      4.66782      6.18417       2      45.6102
      7.49633      10.9437      67.5469     -15.3793  -0.00668618
600           2313.93      4.80844      6.37972       2      45.6311
      8.17715      8.63799      67.5469     -15.3629  -0.00483359
600           612.550      7.57700      2.35222       2      45.9643
      8.31813      9.40652      64.9690      16.6226   -0.0162824
600           2214.91      4.82490      6.74444       1      45.6494
      8.17885      5.48326      67.5469     -15.3317  -0.00328779
600           2136.09      4.98007      6.96667       1      45.8441
      8.72396      7.50929      67.5469     -15.3125  -0.00299408
600           2055.01      5.09960      7.16500       1      45.7033
      8.30609      4.06777      67.5469     -15.2952  -0.00350780
600           1971.73      5.25401      7.34861       1      45.5722
      8.76032      3.84845      67.5469     -15.2791  -0.00591484
600           1812.84      5.63790      7.66361       1      45.8682
      8.41172      11.7414      67.5469     -15.2514 -0.000452879
600           1712.05      5.75771      7.84778       1      45.7160
      8.95789      4.79184      67.5469     -15.2352  -0.00404826
600           1593.99      5.82536      8.05361       1      45.5958
      9.09264      1.96147      67.5469     -15.2172  -0.00381498
600           1328.28      6.02810      8.27028       1      45.7463
      8.01471      9.49013      55.3807     -23.0744  -0.00606882
600           1217.67      6.18514      8.47333       1      45.7283
      7.68929      10.2574      55.3807     -23.0570  -0.00641866
600           1049.80      6.89213      8.77944       1      45.7636
      8.07662      8.13523      55.3807     -23.0308  -0.00749214
600           704.896      7.34713      2.53556       2      45.9769
      8.56646      7.02825      64.9690      16.6373   -0.0155531
600           929.907      7.36072      9.00056       1      45.5696
      8.60211      2.33256      55.3807     -23.0119  -0.00249772
600           830.552      7.68347      9.18806       1      45.4985
      9.13299     -1.89444      55.3807     -22.9960  -0.00444343
600           730.064      8.36600      9.38417       1      45.5709
      8.74360      6.92777      55.3807     -22.9795  0.000620950
600           542.022      8.66636      9.68750       1      45.5658
      8.48989      4.24054      43.1129     -29.1808  -0.00300643
600           463.073      9.33277      9.88611       1      45.7348
      8.71674      6.79283      43.1129     -29.1645   0.00118161
600           396.603      9.61294      10.0667       1      45.6716
      8.65002      4.36883      43.1129     -29.1497  -0.00254796
600           327.799      10.1826      10.2725       1      45.7387
      8.76919      4.57459      43.1129     -29.1329 -0.000403197
600           272.010      10.3481      10.4608       1      45.6244
      8.72499    -0.704474      43.1129     -29.1177   -0.0112060
600           948.373      6.90447      2.98111       1      45.6963
      8.69591      9.50617      64.9690      16.6742   -0.0135704
600           1074.71      6.50339      3.20028       1      45.7670
      8.54422      10.4402      64.9690      16.6928   -0.0143885
600           1201.19      6.09248      3.41639       1      45.6572
      8.87258      8.82753      64.9690      16.7113   -0.0138049
600           1308.18      5.88929      3.59889       1      45.6289
      8.99114      5.12076      64.9690      16.7271   -0.0151271
600           1470.77      5.71572      3.88000       1      45.7724
      8.91553      11.4794      64.9690      16.7515   -0.0134729
600           1574.16      5.48693      4.06389       1      45.8657
      8.46562      10.6402      64.9690      16.7675   -0.0122875
