600           323.564      8.94464      1.61667       2      45.6396
      8.34483      8.88315      53.4985      16.4815   -0.0282108
600           3251.01      5.16227      3.83694       3      45.5076
      8.16597      10.2123      78.6549     -10.5242   -0.0199764
600           3421.06      4.68881      4.02972       3      45.1845
      8.51437      4.47136      78.6549     -10.5090   -0.0369281
600           1499.50      5.49616      4.25722       1      44.8667
      8.63400      6.03266      53.4891      11.2158   -0.0185844
600           1571.97      5.74626      4.43944       1      45.1599
      8.11856      13.9270      53.4891      11.2261   -0.0147764
600           1732.33      5.34968      4.69944       1      45.1325
      8.13294      9.56995      53.4985      16.6820   -0.0146001
600           9907.12      2.74745      4.93611       4      44.8411
      7.03384    -0.895047      60.1016     -17.4531   -0.0126399
1200          9313.11      2.78815      5.31722       4      45.0784
      6.73062      4.61276      60.1016     -17.4173   -0.0150734
600           2306.85      5.09979      5.95417       2      45.2090
      8.21424      4.65500      60.5037     -19.5356   -0.0100150
600           2283.77      4.99866      6.16333       2      44.9924
      8.64010    -0.685073      60.5037     -19.5213   -0.0116004
600           2252.19      5.06161      6.35111       2      45.0517
      8.61886      6.48062      60.5037     -19.5081   -0.0152027
600           410.564      8.33045      1.86556       2      45.4938
      8.22088      9.51181      53.4985      16.4963   -0.0220954
600           2207.36      4.99981      6.55222       2      45.1940
      8.58960      2.92931      60.5037     -19.4935   -0.0208417
600           2152.68      5.17869      6.75000       2      45.3859
      7.76316      11.4354      60.5037     -19.4789   -0.0112005
600           2084.96      5.34366      6.95667       2      45.0927
      8.96683      2.79357      60.5037     -19.4633   -0.0116691
600           1967.94      5.50088      7.25917       1      45.3219
      8.05625      10.4747      60.5037     -19.4400   -0.0106849
600           1877.31      5.32881      7.46528       1      45.1090
      9.40480     0.751466      60.5037     -19.4239   -0.0173338
600           1788.97      5.35725      7.65111       1      45.2701
      8.39774      2.19510      60.5037     -19.4091   -0.0144585
600           1697.50      5.63761      7.83250       1      45.2508
      8.75832      4.77222      60.5037     -19.3947  -0.00998636
600           1589.32      5.85313      8.03667       1      45.3662
      8.32032      9.54468      60.5037     -19.3783   -0.0123591
600           1483.32      6.11923      8.22917       1      45.2862
      8.34243      8.57009      60.5037     -19.3627   -0.0102045
600           1347.35      6.24712      8.46917       1      45.1381
      9.07910      3.25361      60.5037     -19.3433   -0.0121678
600           462.858      7.79889      2.11556       1      45.3240
      8.94734      4.55354      36.0044      26.3068   -0.0213814
600           1238.51      6.36482      8.65833       1      45.1748
      9.12806      2.36298      60.5037     -19.3281   -0.0129275
600           1074.31      6.16181      8.94333       1      45.1753
      8.54215      4.79352      60.5037     -19.3052   -0.0122730
600           952.441      6.33541      9.15806       1      45.2028
      8.99066      3.77301      60.5037     -19.2880   -0.0180851
600           532.823      7.53156      2.30278       1      45.4477
      8.41918      8.05423      36.0044      26.3185   -0.0201305
600           826.915      8.71837      2.56111       3      45.6782
      8.26864      14.1294      65.7418     -5.96497   -0.0176941
600           932.231      8.17398      2.74556       3      45.5272
      9.32942      7.77842      65.7418     -5.95805   -0.0243073
600           1055.30      7.62431      2.95667       3      45.2749
      9.10049      6.54924      65.7418     -5.94956   -0.0282474
600           1198.23      7.38915      3.20028       3      45.3675
      8.75471      6.78451      65.7418     -5.93906   -0.0181873
600           2946.71      5.46801      3.52861       4      45.4040
      8.44041      7.50919      78.6549     -10.5474   -0.0241673
