300           311.847      9.72586      1.56806       2      46.6842
      8.96945      9.56989      50.2326      18.6586   -0.0102624
600           1123.29      6.93444      3.38333       2      45.9721
      8.41688      8.13997      53.4891      10.9437   -0.0127106
600           1223.27      6.56185      3.58500       2      46.0080
      8.20082      8.54246      53.4891      10.9550   -0.0108011
600           1335.42      6.71539      3.81750       2      46.0012
      7.71986      17.0351      53.4891      10.9681   -0.0118580
600           1429.46      6.42857      4.02083       2      45.6370
      8.03298      10.2677      53.4891      10.9796  -0.00723586
600           1565.32      6.04654      4.33639       1      45.7756
      8.22373      9.68268      53.4891      10.9976   -0.0102220
600           1644.35      5.98390      4.53833       1      45.8509
      8.06115      12.0159      53.4891      11.0091   -0.0105832
600           1713.64      5.90763      4.73278       1      45.6779
      8.60645      10.8642      53.4891      11.0202  -0.00941180
600           1777.78      5.79664      4.93472       2      45.6202
      8.39522      7.42532      53.4891      11.0317  -0.00862083
600           1844.28      5.55846      5.18111       2      45.7456
      8.24628      7.25164      53.4891      11.0456  -0.00954383
900           1909.83      5.48786      5.50167       2      45.8553
      8.07679      8.29984      53.4891      11.0634   -0.0153857
300           361.703      9.51501      1.71917       2      46.5620
      8.34162      15.2475      50.2326      18.6678  -0.00616047
900           1946.34      5.54596      5.78056       2      45.7661
      8.16414      8.64634      53.4891      11.0787   -0.0144119
900           1963.16      5.52093      6.07083       2      45.6106
      8.52749      5.58157      53.4891      11.0942   -0.0119511
900           1957.46      5.76196      6.36917       2      45.8887
      8.17075      10.1264      53.4891      11.1096   -0.0119387
900           2148.86      5.64820      6.88583       2      45.9926
      8.63910      10.6335      65.0980      5.13610  -0.00847284
900           2075.59      5.97947      7.15500       2      45.9919
      8.51317      11.3483      65.0980      5.15362   -0.0102715
900           1979.32      6.18233      7.43306       2      45.9964
      8.00069      9.66720      65.0980      5.17122  -0.00945513
900           1866.69      6.39755      7.70500       2      46.0823
      7.82408      11.5740      65.0980      5.18788  -0.00798968
900           1674.12      7.00011      8.10194       2      45.9510
      8.73796      5.20806      65.0980      5.21106  -0.00741932
900           1309.11      7.23991      8.38556       1      46.0932
      8.96331      3.43487      56.4813     -15.9519  -0.00488981
900           1168.22      7.64041      8.66056       1      46.1488
      8.57899      4.62200      56.4813     -15.9334  -0.00375801
300           441.866      8.96807      1.91806       2      45.8135
      9.07207   -0.0248742      53.4985      16.2492  -0.00615662
900           1027.45      8.10586      8.93139       1      46.1840
      8.52582      4.55341      56.4813     -15.9152  -0.00413134
300           496.013      9.09931      2.05139       2      46.1390
      9.44132      5.02053      53.4985      16.2574  -0.00600684
300           553.260      8.45167      2.18472       2      46.1477
      8.46340      11.1693      53.4985      16.2656  -0.00279019
300           626.537      8.52103      2.36917       2      46.1626
      8.50532      9.18438      53.4891      10.8898  -0.00579377
600           695.879      8.34315      2.51917       2      45.9778
      8.67143      9.59153      53.4891      10.8974  -0.00909091
600           925.903      7.63664      2.99028       2      46.1751
      8.16989      13.1654      53.4891      10.9222  -0.00656058
600           1026.66      7.29168      3.19083       2      45.9067
      8.22875      10.3458      53.4891      10.9331  -0.00986222
