300           430.086      8.32151     0.623889       1      47.6609
      8.40357      3.30596     -18.1198      25.5254   0.00381796
600           1699.17      6.30369      3.00694       3      47.0237
      7.58000      7.28291     -18.1198      25.6709  -0.00385084
600           1814.41      6.29384      3.20028       3      46.9295
      7.28572      6.80823     -18.1198      25.6802  -0.00541697
600           1916.68      6.03301      3.37444       3      47.0004
      6.81113      7.63124     -18.1198      25.6883  -0.00480238
600           2170.68      5.69159      3.82528       3      46.0939
      7.16388      3.58707     -18.1198      25.7071  -0.00654819
600           2277.25      5.44149      4.02639       3      46.0447
      6.42151      6.59970     -18.1198      25.7146  -0.00438380
600           2367.28      5.85942      4.20444       4      46.1596
      7.15293      6.58484     -18.1198      25.7207  -0.00669906
600           2467.06      5.33627      4.41333       4      46.2120
      6.35807      8.48251     -18.1198      25.7273  -0.00735401
600           2546.61      5.55420      4.59139       4      46.1040
      6.71473      10.6501     -18.1198      25.7323  -0.00779218
600           75187.1      2.30333      4.83361       2      45.9905
      6.26121      46.0571      23.7302      12.3572   -0.0319070
600           14999.0      2.20816      5.36778       2      46.4861
      4.96890      13.7521      46.0303     -2.73698  -0.00948524
300           480.795      9.29120     0.755556       1      47.2226
      7.43248      3.84372     -18.1198      25.5344   0.00526972
600           14675.7      2.14062      5.58889       2      46.4586
      6.27796      13.8055      46.0303     -2.71748  -0.00590610
600           8211.99      2.69259      6.63583       2      46.8239
      6.76229      10.2373      58.9335     -11.7286  -0.00228957
900           7908.08      2.70255      6.83528       2      46.4320
      7.24253      1.71952      58.9335     -11.7110  -0.00880073
900           7482.30      2.88694      7.10194       2      46.6166
      6.78011      8.84340      58.9335     -11.6869   -0.0140968
900           6998.05      2.87817      7.39194       2      46.7731
      5.79124      11.6011      58.9335     -11.6601  -0.00785299
900           6210.12      3.19912      7.84444       1      46.7284
      6.94215      10.9040      58.9335     -11.6174  -0.00944024
900           5718.34      3.37138      8.12000       1      46.7147
      6.72423      11.2806      58.9335     -11.5911  -0.00586476
900           5234.66      3.75132      8.38917       1      46.6885
      6.78020      12.7579      58.9335     -11.5653  -0.00419826
900           4735.81      3.83856      8.66750       1      46.5668
      6.64076      8.23533      58.9335     -11.5386  -0.00464304
900           4270.46      4.31737      8.93028       1      46.6559
      6.97964      9.67879      58.9335     -11.5134  -0.00522353
300           520.026      9.55564     0.851944       1      47.0705
      7.21317      6.91128     -18.1198      25.5410   0.00181208
900           3633.04      4.71256      9.30000       2      46.6779
      7.25981      8.00814      58.9335     -11.4784  -0.00852166
900           3183.94      5.19956      9.57139       2      46.6898
      7.31142      6.63976      58.9335     -11.4531  -0.00924209
900           2665.38      6.10355      9.90194       2      46.5713
      7.17738      9.02435      58.9335     -11.4228  -0.00658046
600           2235.76      6.71195      10.1961       2      46.5838
      8.02257      7.87089      58.9335     -11.3966  -0.00260532
600           1989.78      7.36743      10.3761       2      46.5615
      7.35463      10.9217      58.9335     -11.3809  -0.00519931
600           1105.12      9.04321      10.6781       1      46.6216
      7.56166      7.42198      84.4871     -26.9834  -0.00352287
300           975.997      9.03910      10.8617       1      46.4912
      6.85735      6.10363      84.4871     -26.9672  -0.00448982
300           910.262      9.86066      10.9597       1      46.8945
      6.75363      16.1589      84.4871     -26.9585  -0.00168827
300           850.051      10.4163      11.0528       2      46.6243
      7.40788      12.6726      84.4871     -26.9503  -0.00443483
300           787.438      10.3897      11.1533       2      46.6696
      6.90293      6.81476      84.4871     -26.9415  -0.00160703
300           565.441      9.76181     0.958611       1      47.0214
      8.08728      6.95037     -18.1198      25.5482  0.000788819
300           719.685      11.0802      11.2672       2      46.6807
      7.22102      9.85935      84.4871     -26.9315  -0.00331791
300           662.728      11.1584      11.3678       2      46.1492
      8.22240    -0.360448      84.4871     -26.9228  -0.00378954
300           610.266      11.7254      11.4650       2      46.6710
      7.43258      9.37078      84.4871     -26.9144  -0.00349759
300           562.910      11.8349      11.5572       2      46.6144
      7.47923      6.37306      84.4871     -26.9065  -0.00317407
300           511.098      12.5536      11.6639       2      46.7333
      7.27186      7.64293      84.4871     -26.8974  -0.00298331
300           466.175      12.6266      11.7622       2      46.4755
      7.57793      4.41395      84.4871     -26.8890  -0.00428635
300           386.293      13.4216      11.8742       1      46.5669
      7.81843      7.05006      81.0630     -32.3432 -0.000679366
300           354.272      13.6384      11.9650       1      46.3687
      7.38756      6.13534      81.0630     -32.3356  -0.00307957
300           322.775      13.9694      12.0603       2      46.3857
      7.74298      5.09317      81.0630     -32.3276  -0.00515290
300           294.919      14.3813      12.1506       2      46.6007
      7.36145      9.16165      81.0630     -32.3201 -0.000292843
300           607.844      8.96216      1.05417       1      47.1480
      6.92173      9.03329     -18.1198      25.5546   0.00513361
300           651.805      8.69661      1.14972       1      47.0301
      6.85685      8.52820     -18.1198      25.5610   0.00457127
300           707.622      8.69141      1.26667       1      47.2544
      7.45396      8.70670     -18.1198      25.5687   0.00377415
300           754.931      8.43716      1.36250       2      46.9397
      7.95790      1.78489     -18.1198      25.5750   0.00279196
300           808.144      8.46161      1.46722       2      47.0834
      6.88323      12.3368     -18.1198      25.5818   0.00322366
