600           732.330      8.67574      1.46111       2      47.7568
      8.34552      2.63280     -25.7925      29.5317  -0.00789131
900           18106.2      2.19149      4.09000       3      47.8309
      6.61171      14.9022      39.6451      3.84893   -0.0138030
900           30203.7      2.10099      5.06056       3      47.5417
      7.63303      18.3091      41.7940   -0.0838050   -0.0116236
900           13186.2      2.29040      5.45306       3      47.3388
      6.58445      2.51607      54.9952     -10.4028  -0.00676343
900           27078.9      2.07627      5.77250       3      47.5634
      7.31090      23.3109      41.7940   -0.0135950   -0.0113216
900           11905.5      2.22618      6.10528       3      47.6505
      6.26340      7.37187      54.9952     -10.3447  -0.00374695
900           22608.2      2.08647      6.70139       2      48.0306
      6.59208      15.4889      41.7940    0.0838650   -0.0106757
900           12693.9      2.52208      7.03583       1      47.3775
      6.45680      16.2541      46.0303    -0.547517  -0.00612394
900           11963.3      2.54775      7.30667       1      47.4820
      5.94423      17.4043      46.0303    -0.520849  -0.00594253
900           7093.34      3.04981      7.61639       1      47.5865
      6.99713      10.5671      58.9335     -9.79286  -0.00709715
900           6488.12      3.21224      7.93250       1      47.5433
      7.21882      8.91559      58.9335     -9.76243  -0.00415959
600           824.208      8.69163      1.65306       2      47.8715
      8.43318      4.51758     -25.7925      29.5444  -0.00550815
900           5444.86      3.55289      8.46778       1      47.6114
      6.96754      10.2296      58.9335     -9.71070  -0.00625760
900           4911.05      3.99578      8.74250       1      47.4273
      7.93324      2.39839      58.9335     -9.68428  -0.00449814
900           4334.96      4.27889      9.04389       2      47.4280
      7.34298      8.98661      58.9335     -9.65557  -0.00489241
900           3834.96      4.68277      9.31278       2      47.4336
      7.70182      7.78073      58.9335     -9.63030  -0.00335186
900           2850.57      5.42817      9.60083       2      47.2743
      8.01159      4.09163      65.4241     -14.0760  -0.00478673
600           2064.29      6.34722      9.97250       2      47.6142
      7.83946      5.44874      71.9144     -18.2937  -0.00119678
600           1518.27      7.62130      10.1811       1      47.3920
      8.11947      4.62717      84.4871     -25.8341  0.000563290
600           1369.14      7.97554      10.3583       1      47.4678
      7.36958      5.81586      84.4871     -25.8181  -0.00323217
600           1224.71      8.59203      10.5378       1      47.6373
      7.41507      8.52890      84.4871     -25.8020 -0.000619246
600           1073.15      8.59767      10.7367       1      47.6373
      7.41507      8.52890      84.4871     -25.7842 -0.000619246
600           931.832      8.47892      1.86889       2      47.8919
      8.48652      7.03057     -25.7925      29.5584  -0.00573092
600           934.189      9.48066      10.9314       2      47.5998
      7.84614      10.2326      84.4871     -25.7669  -0.00266309
600           823.163      10.2091      11.0981       2      47.7809
      7.58601      9.95544      84.4871     -25.7522 -0.000952381
600           690.182      11.9743      11.3150       2      47.7753
      7.63880      9.28245      84.4871     -25.7333  -0.00110279
300           476.799      13.1612      11.6311       1      47.7413
      8.14028      7.11304      74.8497     -28.4284  0.000564659
300           437.999      13.2508      11.7242       1      47.6938
      8.12586      5.55672      74.8497     -28.4212 -0.000800893
300           400.482      13.7416      11.8194       1      47.5881
      8.23953      3.39451      74.8497     -28.4140 -5.34822e-05
300           360.176      14.0956      11.9289       1      47.8441
      7.74555      7.88946      74.8497     -28.4056 -0.000264190
300           319.171      14.6952      12.0497       1      47.7591
      7.41410      8.90392      74.8497     -28.3965 -0.000132220
300           285.623      14.8767      12.1578       1      47.6530
      7.88723      5.12879      74.8497     -28.3884  -0.00135386
300           258.563      14.8275      12.2528       1      47.5175
      7.57456      1.17768      74.8497     -28.3813  -0.00490937
600           1037.11      7.92622      2.07333       2      47.8569
      8.37771      2.77181     -25.7925      29.5711  -0.00484755
200           230.614      14.0293      12.3606       1      47.4759
      7.51461     -2.11584      74.8497     -28.3733  -0.00890269
600           1131.77      7.85362      2.25333       3      48.1874
      8.11460      9.14559     -25.7925      29.5819  -0.00594232
600           1225.11      7.52373      2.42861       3      47.8878
      7.94660      7.40504     -25.7925      29.5921  -0.00483041
900           77649.5      2.84074      2.97306       4      47.9906
      7.67136      18.4212      35.8807      4.80142   -0.0225872
900           48745.3      2.41097      3.42667       4      47.8149
      7.12545      20.0341      37.5757      4.46276   -0.0192877
900           17434.8      2.39673      3.77306       3      47.9385
      5.26395      17.1965      39.6451      3.82364   -0.0175975
