300           543.860      9.68136     0.883611       1      53.0623
      8.20927      1.05660     -18.1198      25.4308  -0.00353614
600           1092.60      7.78111      1.95472       2      48.8231
      7.53638      7.02260     -18.1198      25.5009  -0.00414727
600           1195.44      7.14986      2.13028       2      48.7829
      7.68129      5.49508     -18.1198      25.5116  -0.00457238
600           1474.57      88.0914      2.32944       1      50.0530
     0.151961      99.3504     -13.8961      27.1441   -0.0377632
600           1618.43      5.68059      2.52750       2      48.7739
      7.57029    -0.294063     -13.8961      27.1579   -0.0361086
600           1550.13      6.42409      2.71528       2      48.8191
      7.51487      7.68189     -18.1198      25.5451  -0.00193085
600           1661.46      6.40294      2.89667       3      48.8705
      6.82423      12.7184     -18.1198      25.5548  -0.00224053
600           1776.52      6.00371      3.08500       3      48.6253
      7.20577      7.30320     -18.1198      25.5644  -0.00282437
600           1956.72      5.82291      3.38472       3      48.8697
      7.06080      8.98551     -18.1198      25.5788  -0.00106989
600           2063.99      5.65165      3.56778       3      48.7201
      7.27303      7.57094     -18.1198      25.5870  -0.00334215
600           2167.15      5.33575      3.74861       3      48.6612
      6.57331      5.17680     -18.1198      25.5946  1.77039e-05
300           588.999      9.72456     0.986667       1      53.2202
      8.12865      3.94162     -18.1198      25.4379  -0.00440744
600           6278.90      2.97606      4.39556       3      50.1564
      7.88544      10.2643      53.4985     -9.65012  -0.00824818
900           6378.37      2.80320      4.58750       3      49.2400
      8.19144     -2.22292      53.4985     -9.64112   -0.0119318
900           5225.62      3.45060      4.99083       3      48.9588
      7.31979      7.98670      53.5030     -11.8042   -0.0141297
900           5284.73      3.49560      5.26444       3      49.0818
      7.09438      11.3791      53.5030     -11.7932   -0.0134537
900           6542.55      2.80198      5.55306       2      49.0079
      6.68468      6.13672      53.4985     -9.58913   -0.0101406
900           6477.60      2.96306      5.86472       2      49.0693
      6.95839      11.6731      53.4985     -9.57022  -0.00890482
900           5217.36      3.25623      6.17417       2      49.1458
      7.10459      7.43744      53.5030     -11.7510  -0.00691612
900           4944.79      3.30264      6.80583       2      48.9530
      7.59795      4.22701      53.5030     -11.7175  -0.00867008
900           5717.51      2.97010      7.09361       1      48.9722
      6.78598      4.73036      53.4985     -9.48792  -0.00810620
900           5451.03      3.18524      7.37028       1      48.9288
      6.78404      9.09021      53.4985     -9.46813  -0.00987860
300           637.449      8.97459      1.09278       1      53.3678
      7.40269      9.40169     -18.1198      25.4450  -0.00123476
900           4338.21      3.87363      7.64667       2      49.0542
      7.30192      12.3325      53.5030     -11.6689  -0.00584000
900           3794.52      4.14248      8.22750       2      49.1189
      7.45666      8.14481      53.5030     -11.6336  -0.00652324
600           2563.72      5.46652      9.38083       2      49.1727
      7.28985      5.24793      53.5030     -11.5616  -0.00299526
600           2366.17      5.86012      9.56333       2      49.0326
      6.91171      10.0112      53.5030     -11.5503  -0.00437689
600           2429.17      5.76008      9.79028       2      49.0830
      7.71258      7.90509      53.4985     -9.29137  -0.00280399
600           2211.69      6.22741      9.96611       2      49.1570
      7.27754      13.1787      53.4985     -9.27912  -0.00383337
600           2003.20      6.56046      10.1403       2      48.9568
      7.59723      7.45320      53.4985     -9.26717  -0.00409871
600           1483.91      7.86338      10.4325       2      49.1180
      7.15596      10.5386      53.5030     -11.4975  -0.00270727
600           1322.56      8.27890      10.6103       2      48.8902
      7.90773      4.06819      53.5030     -11.4871  -0.00158942
600           1159.20      9.04789      10.8008       2      49.1364
      7.73350      8.30683      53.5030     -11.4761  -0.00182931
300           685.127      8.71692      1.19333       1      48.7279
      7.77853      5.25155     -18.1198      25.4518  -0.00436698
300           937.098      9.96383      11.0833       2      48.8256
      7.58748      5.97787      53.5030     -11.4603  -0.00391324
300           868.152      10.4265      11.1783       2      49.2366
      7.73878      11.1221      53.5030     -11.4550  -0.00204376
300           800.145      10.9265      11.2764       2      48.9791
      8.35863      5.79625      53.5030     -11.4497  -0.00150842
300           730.230      11.1143      11.3825       2      49.0337
      7.43128      10.2811      53.5030     -11.4440  -0.00116825
300           670.422      11.5880      11.4783       2      49.1477
      7.86571      8.91985      53.5030     -11.4390  -0.00170110
300           748.477      8.99288      1.32194       1      48.8124
      7.33693      7.99561     -18.1198      25.4603  -0.00416493
300           798.458      8.25574      1.42000       2      48.5243
      8.03794      3.45737     -18.1198      25.4668 -0.000542168
300           848.477      8.51981      1.51556       2      48.7769
      7.11549      11.0787     -18.1198      25.4730  -0.00185271
300           897.448      7.82567      1.60694       2      48.9969
      7.39820      4.15565     -18.1198      25.4790 -0.000508189
300           948.375      8.26533      1.70000       2      49.0348
      6.98060      15.0461     -18.1198      25.4849  -0.00179887
