300           279.319      10.3919    0.0930556       1      53.4983
      8.06174      5.70807     -18.1198      25.1259  -0.00465779
600           903.597      7.26787      1.55917       2      53.0155
      7.78381      4.31736     -18.1198      25.2274   -0.0108590
600           1003.35      7.06150      1.73611       2      53.1519
      7.87670      6.95998     -18.1198      25.2390   -0.0111364
600           2581.65      4.49442      3.17361       2      52.7013
      7.84790     -4.98783     -24.3876      35.6696   -0.0281306
600           10738.0      4.20314      3.44917       3      52.5186
      8.15767      43.8514      10.7890      19.4855   -0.0442325
600           8763.41      3.05574      3.67139       2      53.2522
      7.06487      19.9380      29.6058      7.31623   -0.0171256
600           7390.00      3.34371      3.95361       3      53.1156
      7.07251      7.63911      51.6037     -8.34142   -0.0136663
600           6883.88      4.06910      4.19528       4      53.5056
      8.94855      6.62637      56.6847     -11.9184   -0.0106212
600           6981.04      3.91223      4.41500       3      53.1488
      7.77281      10.9531      56.6847     -11.9087   -0.0107002
300           324.232      10.2516     0.245833       1      53.5518
      8.91626      7.95312     -18.1198      25.1367  -0.00435301
600           6717.31      3.44068      4.85417       3      53.0823
      8.78584     -5.54574      59.1353     -13.6287   -0.0109740
900           6724.64      3.42336      5.03333       3      53.4317
      7.41287      13.0791      59.1353     -13.6200   -0.0119466
900           6700.50      3.16819      5.31056       3      52.9926
      7.45416      1.13245      59.1353     -13.6055  -0.00999940
900           6372.02      2.72164      6.15889       2      53.5133
      7.63393      5.59397      59.1353     -13.5552  -0.00681439
900           6192.14      2.74227      6.43028       2      53.5412
      7.30221      2.75244      59.1353     -13.5374  -0.00854137
900           5977.54      2.71327      6.70444       2      53.1339
      7.20474    0.0206070      59.1353     -13.5186  -0.00768316
300           366.189      10.2010     0.375000       1      53.5180
      7.91484      10.7339     -18.1198      25.1458  -0.00583798
300           402.541      9.63619     0.478889       1      53.5272
      7.86814      11.5263     -18.1198      25.1531  -0.00661544
300           452.745      8.69549     0.612778       1      52.9409
      8.59778     -3.41695     -18.1198      25.1626  -0.00429965
300           488.792      8.66835     0.703333       1      53.2011
      7.28723      5.79584     -18.1198      25.1689  -0.00726006
600           535.381      8.88046     0.814722       1      53.2048
      8.02780      6.97154     -18.1198      25.1767  -0.00629764
600           619.833      8.33211      1.00361       1      53.3977
      8.31254      6.62919     -18.1198      25.1898  -0.00959394
600           803.911      7.67505      1.37444       1      53.2171
      8.38258      6.16522     -18.1198      25.2151  -0.00961098
