600           1641.51      5.70293      2.95889       3      48.0452
      7.78827     0.362762     -18.1198      25.7705   0.00201522
900           13928.8      2.64430      5.10639       3      48.5150
      7.27981      17.7461      49.2420     -4.56994   -0.0117526
900           14766.6      2.15834      5.71028       2      48.3161
      6.38470      7.34294      46.0303     -2.20194   -0.0103930
900           14286.7      2.25962      5.98250       2      47.9511
      8.78500      6.03773      46.0303     -2.17684  -0.00990748
900           11938.0      2.69237      6.39333       2      48.1743
      8.35978      7.53545      49.2420     -4.45612  -0.00742780
900           11378.9      2.71590      6.66417       2      48.5164
      7.12824      11.3500      49.2420     -4.43047  -0.00830618
900           10378.8      2.78070      7.11056       1      48.7637
      6.90023      16.3954      49.2420     -4.38744  -0.00370088
900           9758.55      3.03578      7.37111       1      48.3764
      7.27407      11.6605      49.2420     -4.36204  -0.00844701
900           9011.49      3.08218      7.67444       1      48.6630
      6.60647      18.2994      49.2420     -4.33238  -0.00611579
900           6323.88      3.44792      8.44083       1      48.5787
      6.92803      12.9193      52.4641     -6.56513  -0.00708746
900           5691.69      3.71135      8.72028       2      48.3717
      7.40489      7.87597      52.4641     -6.53830  -0.00956145
600           1768.72      5.78966      3.17583       3      47.8848
      7.53101      2.84013     -18.1198      25.7809   0.00479352
900           5053.38      4.11664      9.00722       2      48.2262
      8.36237      2.14294      52.4641     -6.51112  -0.00865619
900           3170.34      4.90865      9.30750       1      48.3699
      7.16940      5.77884      65.4241     -15.3972  -0.00620798
600           2609.56      5.48333      9.70833       2      48.5830
      7.44486      8.11821      65.4241     -15.3596  -0.00449086
600           2321.89      5.89575      9.92528       2      48.4665
      7.48455      8.79915      65.4241     -15.3396  -0.00568427
600           2071.65      6.33492      10.1228       2      48.3386
      7.76005      6.70647      65.4241     -15.3216  -0.00277986
600           1858.61      7.06292      10.2992       2      48.2902
      8.10837      2.77495      65.4241     -15.3057  -0.00540200
600           1647.92      7.61870      10.4831       2      48.3681
      8.21204      3.84237      65.4241     -15.2894  -0.00440071
600           1027.33      9.12616      10.6928       1      48.3457
      8.35585      4.65839      86.5679     -29.7190  -0.00236949
600           876.348      9.52762      10.9292       1      48.3724
      7.53914      7.11126      86.5679     -29.6984 -0.000549540
600           769.533      10.1814      11.1086       1      48.2963
      7.94237      5.95945      86.5679     -29.6827  -0.00229797
600           1871.34      5.26549      3.35361       3      48.1796
      6.76789      4.81514     -18.1198      25.7889  -0.00793011
600           623.885      11.0470      11.3761       1      48.4404
      7.35711      7.36056      86.5679     -29.6595  -0.00354786
600           1972.19      5.16627      3.53194       3      47.9855
      7.49364     0.631773     -18.1198      25.7965  -0.00130430
600           2068.73      5.06478      3.70722       3      47.6860
      7.44316     -3.26159     -18.1198      25.8036   0.00516549
600           2164.22      5.17392      3.88639       3      47.8979
      7.21778      1.82792     -18.1198      25.8104   0.00677496
900           16117.2      2.56693      4.12333       3      48.4091
      6.06687      13.5667      46.0303     -2.33264   -0.0129955
900           16067.6      2.45811      4.43111       3      48.2911
      7.16664      11.4787      46.0303     -2.30981   -0.0112706
900           14191.3      2.63384      4.82000       3      48.5434
      7.40924      12.4879      49.2420     -4.59281   -0.0135440
