300           388.965      11.8357      1.21722       3      48.1674
      8.27207      8.26066     -25.7925      28.3571  -0.00467374
600           2444.24      5.28092      2.59667       3      48.0468
      8.45290      6.34240      51.6037      5.11353   -0.0133180
600           2770.86      4.65724      2.82722       3      47.9884
      7.35930      8.06896      51.6037      5.12676  -0.00945301
600           3034.63      4.35144      3.01194       3      47.7180
      8.35474      2.30919      51.6037      5.13786  -0.00897052
600           3303.85      4.17910      3.20111       3      48.1002
      8.42525      4.34716      51.6037      5.14965  -0.00843394
600           3575.79      4.05606      3.39472       2      47.8977
      7.36528      5.97513      51.6037      5.16214  -0.00984117
900           11858.8      2.46390      4.57111       2      48.2027
      6.79357      11.8301      51.6252      6.33527   -0.0197519
900           12305.6      2.35987      4.91250       3      48.3189
      7.17324      12.3344      64.9342     -3.97850   -0.0126784
900           239892.      2.36897      5.30528       3      48.3189
      7.17324      12.3344      46.1910      6.73182   -0.0126784
300           437.942      11.2019      1.37778       3      47.6468
      8.09922      2.02911     -25.7925      28.3642  -0.00258049
300           471.900      11.0398      1.48500       3      48.0563
      7.86924      7.51594     -25.7925      28.3687  -0.00405936
300           500.977      10.9537      1.57472       3      47.8024
      8.50533      3.51821     -25.7925      28.3723  -0.00303537
300           532.425      10.5535      1.67000       3      47.6268
      8.58401    -0.607570     -25.7925      28.3760  -0.00311269
300           562.966      10.7622      1.76111       3      47.7957
      8.51972      1.84296     -25.7925      28.3794  -0.00785305
300           599.197      10.5351      1.86778       3      47.4952
      8.77981      2.45640     -25.7925      28.3833  -0.00427653
300           638.411      10.4315      1.98194       3      47.4918
      8.77308     -2.35412     -25.7925      28.3872  -0.00453812
600           2160.74      5.76518      2.39222       3      47.9924
      8.47151      6.76807      51.6037      5.10239   -0.0145259
