600           11206.1      2.08304      6.69417       2      50.4188
      6.38955      13.1926      50.2637      12.9291  -0.00719774
900           1616.11      7.14494      10.0833       3      50.0808
      8.03873      8.29327      81.3458     -13.5962 -0.000512438
600           1070.57      8.60334      10.4250       3      50.1848
      8.21163      8.19666      82.6071     -18.5558  -0.00561548
600           903.770      9.32592      10.6156       3      49.8930
      8.79766      1.16935      82.6071     -18.5388  0.000868467
600           766.017      10.2183      10.7892       3      50.0526
      8.27760      6.23632      82.6071     -18.5238  -0.00142202
300           248.003      12.1992      11.5561       1      50.0930
      7.57368      2.22655      49.1867     -31.0781  -0.00382205
300           224.715      12.0153      11.6483       1      49.8561
      7.78575     0.257250      49.1867     -31.0713  -0.00828380
1200          11373.5      2.18380      6.92833       3      50.0484
      5.76762      15.4111      50.2637      12.9523  -0.00962453
1200          11529.2      2.30170      7.35306       3      49.8977
      6.29106      13.3425      50.2637      12.9930   -0.0134639
1200          11369.8      2.63296      8.01778       3      50.1145
      6.20647      11.4803      50.2637      13.0525  -0.00758422
1200          10455.1      3.12187      8.41056       3      49.9258
      7.15249      12.1197      56.9297      7.77398  -0.00494500
1200          9576.38      3.38387      8.76417       3      50.0027
      6.69700      13.4749      56.9297      7.80392  -0.00454814
900           6080.00      3.75874      9.19167       3      49.8357
      7.19241      8.02017      63.5519      2.41026  -0.00323048
900           2378.66      5.49625      9.53056       3      50.0251
      8.12193      7.32927      81.3458     -13.6474 -0.000662150
900           1963.73      6.31111      9.81944       3      50.0284
      8.19905      5.95378      81.3458     -13.6203  -0.00190713
