300           505.826      11.6210      1.71972       3      49.0356
      9.66070     0.467900     -25.7925      27.7229  -0.00401711
600           3282.68      4.20861      3.94083       2      48.5652
      8.31738      1.31507      45.5833      10.0499   -0.0133201
600           3359.04      4.23565      4.20139       1      48.7793
      7.07871      11.9932      40.8170      13.4830   -0.0105409
600           3535.56      4.09028      4.39417       1      49.0190
      6.86888      17.2622      40.8170      13.4971   -0.0112343
900           3909.96      3.75428      4.84861       1      48.7342
      7.73627      4.83689      40.8170      13.5304   -0.0134231
900           4309.82      3.60150      5.15694       1      48.9173
      7.16707      11.9931      45.5833      10.1379   -0.0142093
900           16994.4      2.06044      5.97306       2      48.5833
      6.21535      6.82720      50.2637      8.73519  -0.00942275
900           11050.8      2.36293      6.30750       2      48.8466
      5.98373      12.1285      36.9324      18.9824   -0.0210511
900           17737.6      2.02709      6.62111       2      48.9112
      6.53389      9.78512      50.2637      8.80320  -0.00881263
900           17835.2      2.01627      6.92028       2      48.6493
      6.32803      10.0184      50.2637      8.83410   -0.0103060
900           12051.7      2.35968      7.27917       2      48.9743
      7.07843      5.40384      63.5519     -1.90876  -0.00522041
600           561.339      11.6697      1.89583       4      48.8635
      7.95067      7.22825     -25.7925      27.7283  -0.00603488
900           17489.8      2.25864      7.56667       3      48.4541
      6.00990      10.3686      50.2637      8.89888  -0.00516494
900           17138.5      2.37312      7.82361       3      48.7133
      6.31913      10.4174      50.2637      8.92362  -0.00794079
900           5506.30      3.25820      8.15917       2      48.7907
      6.78005      2.99277      76.2386     -12.4383  -0.00287805
900           7855.19      3.18784      8.59361       3      48.6757
      6.46908      6.12397      63.5519     -1.77506  -0.00348015
900           6982.56      3.54479      8.85889       3      48.6554
      7.27605      3.96272      63.5519     -1.74967  -0.00408715
900           5185.95      4.06210      9.13333       3      48.8312
      7.37155      4.21179      66.8263     -4.42050  -0.00141843
600           3359.26      5.10253      9.44750       3      48.8576
      7.50392      8.65784      73.2111     -9.70911 -0.000984959
600           2958.10      5.53296      9.65528       3      48.8196
      7.04239      7.52487      73.2111     -9.68961  -0.00441359
600           1235.84      8.43644      9.94833       1      48.8599
      8.03852      6.03539      67.4874     -22.1814 -0.000960986
600           1105.32      8.46537      10.1322       1      48.6868
      7.82260      4.32996      67.4874     -22.1676 -0.000181808
600           1275.10      7.93434      2.13556       2      49.0044
      8.50058      8.80108      40.8170      13.3444   -0.0123516
600           986.346      9.02155      10.3069       1      48.7707
      7.89431      4.38987      67.4874     -22.1546  0.000703887
600           864.617      9.78206      10.4950       1      48.8719
      8.01544      5.79665      67.4874     -22.1407  -0.00219033
300           669.457      10.9190      10.7222       1      49.0261
      7.49108      9.47252      58.7930     -26.7365   0.00157771
300           620.101      10.9697      10.8206       1      48.8204
      7.43796      4.77644      58.7930     -26.7295  -0.00321397
300           567.794      11.6045      10.9292       1      48.7832
      8.32000      5.08750      58.7930     -26.7218  -0.00298804
300           523.405      11.6849      11.0256       1      48.6832
      8.33596    -0.167825      58.7930     -26.7149  0.000971002
300           442.711      12.4428      11.2133       1      49.0159
      7.52633      11.0483      58.7930     -26.7016   0.00103192
300           405.569      12.4513      11.3067       1      48.7308
      7.84852     0.878299      58.7930     -26.6950  -0.00189400
300           362.516      13.3553      11.4219       1      48.8108
      7.61415      6.12301      58.7930     -26.6869  -0.00375811
300           330.652      13.3308      11.5133       1      48.8782
      7.97019      2.63773      58.7930     -26.6804  -0.00411099
600           1461.40      7.21173      2.33611       2      48.8231
      8.26649      6.64982      40.8170      13.3564  -0.00962811
300           300.832      13.6437      11.6047       1      48.7378
      7.91070      3.29655      58.7930     -26.6740  -0.00149287
300           271.303      13.6925      11.7022       1      48.7259
      8.27748      1.52345      58.7930     -26.6672  -0.00420654
600           1632.97      6.71226      2.51278       2      48.7034
      7.97137      7.71788      40.8170      13.3674   -0.0116446
600           1806.51      6.09728      2.68583       2      48.9385
      7.45699      10.8984      40.8170      13.3783   -0.0117773
600           2684.21      4.82817      3.38111       2      48.7544
      8.23423      1.60537      45.5833      10.0117   -0.0111680
600           2896.49      4.65614      3.57528       2      48.8955
      7.61800      6.22388      45.5833      10.0247   -0.0143075
600           3098.50      4.37071      3.76389       2      48.9357
      7.75619      4.90990      45.5833      10.0376   -0.0124282
