300           223.071      13.1914     0.598056       2      48.8912
      7.87094      5.14993     -25.7925      28.1772  -0.00573386
300           499.293      11.2834      1.53806       3      48.9017
      8.08865      4.45140     -23.6475      30.9211  -0.00941120
300           530.367      10.9055      1.62778       3      48.8922
      7.42725      4.84944     -23.6475      30.9253   -0.0109845
300           562.439      10.8033      1.71861       3      49.0284
      7.93513      7.25952     -23.6475      30.9295  -0.00837342
600           1897.99      6.69056      2.55639       3      49.0242
      8.03488      4.70257      53.5030     -1.31675  -0.00787599
600           2114.59      6.42921      2.76361       3      49.2469
      7.77692      9.06083      53.5030     -1.30959   -0.0109174
600           2310.44      5.92049      2.95083       3      49.3614
      7.90922      11.6430      53.5030     -1.30271  -0.00975986
600           2496.17      5.56321      3.13000       3      49.0512
      8.16097      7.84525      53.5030     -1.29576  -0.00784783
600           2674.16      5.26814      3.30472       3      49.1943
      7.76395      10.1406      53.5030     -1.28865  -0.00940772
600           3111.07      4.74729      3.75722       3      49.1996
      8.23515      5.66054      53.5030     -1.26877  -0.00876798
300           247.430      13.3881     0.708889       3      48.8131
      8.46691      7.49916     -25.7925      28.1829  -0.00530904
900           36261.3      2.15086      3.96250       4      49.1261
      6.82434     -2.09338      58.6499     -3.53564   -0.0181351
900           34834.3      2.04023      4.34056       4      48.5985
      8.53095     -14.3268      58.6499     -3.50350   -0.0159008
900           54112.5      1.80525      5.11667       3      48.8075
      8.97186      3.06082      54.5509     0.318964  -0.00964236
1200          48233.6      1.73045      5.78333       3      49.0254
      7.79913    -0.780679      54.5509     0.388666   -0.0128191
1200          44609.8      1.71822      6.17167       3      49.1439
      6.86817      2.24870      54.5509     0.430512   -0.0113484
1200          17242.0      2.14704      6.60306       2      48.9558
      7.47093      2.84089      58.4843     0.603874  -0.00781006
1200          15929.4      2.09172      7.03917       2      48.9431
      7.29594      7.12138      58.4843     0.649823  -0.00609955
1200          13976.3      2.45541      7.59889       2      49.1680
      6.69804      10.4130      58.4843     0.708200  -0.00600614
1200          12586.1      2.80675      7.96306       2      48.9529
      7.57565      8.92994      58.4843     0.745387  -0.00508148
600           3550.78      4.34638      8.41083       1      49.1603
      8.35705      5.75174      73.2899     -10.9368  -0.00206517
300           275.052      13.2048     0.825556       3      48.8645
      8.83206      1.09297     -25.7925      28.1887  -0.00296279
600           3301.50      4.51319      8.61806       1      48.9501
      7.86317      4.27707      73.2899     -10.9191 -0.000942213
600           3090.28      4.76366      8.79167       1      49.1485
      7.31795      3.61885      73.2899     -10.9044  -0.00724808
600           2390.89      5.58511      8.98889       1      49.1397
      8.12956      8.21940      77.0065     -18.6581  -0.00193460
600           2212.29      5.60504      9.16944       1      49.1048
      7.63119      5.15181      77.0065     -18.6431  -0.00324547
600           2002.16      5.97115      9.38417       1      49.1249
      7.79247      6.67452      77.0065     -18.6252  -0.00337878
600           1733.25      6.79425      9.66583       1      49.1756
      7.93082      7.70591      77.0065     -18.6019  -0.00376022
600           1553.77      7.24157      9.86056       1      49.1417
      7.33340      9.05761      77.0065     -18.5859  -0.00168224
300           302.035      13.0095     0.932500       3      48.9091
      8.37215      5.96555     -25.7925      28.1938  -0.00723286
300           328.978      12.4933      1.03389       3      48.6627
      8.81683     -4.10186     -25.7925      28.1986  -0.00465213
300           371.959      11.6844      1.14444       3      48.9033
      7.94214      6.60450     -23.6475      30.9011  -0.00856590
300           406.573      11.5379      1.25667       3      48.8648
      8.16869      5.16354     -23.6475      30.9070   -0.0104533
300           435.726      11.2511      1.34778       3      48.9773
      7.78075      6.13931     -23.6475      30.9117   -0.0112417
300           466.388      11.0363      1.44083       3      49.0330
      7.41530      5.47232     -23.6475      30.9163   -0.0108928
