300           459.835      8.82398     0.158056       3      49.3653
      8.59832      10.4529     -43.4672      17.3117  -0.00106703
600           2162.79      4.38517      2.31472       2      49.1245
      7.47380      12.2902     -43.4672      17.5199  -0.00688914
600           3680.33      3.63920      2.84444       2      48.8274
      7.76015      12.6576     -47.5517      17.3737  -0.00816877
900           6498.93      2.77550      3.08333       3      48.7969
      6.92901      15.6106     -46.8449      15.7166  -0.00682400
900           7258.05      2.52438      3.35611       2      48.8741
      6.43685      18.7028     -46.8449      15.7450   -0.0112538
900           7999.37      2.42594      3.61722       2      48.7308
      7.07410      16.7513     -46.8449      15.7725   -0.0102152
900           8767.94      2.17141      3.88444       2      48.8593
      6.05839      16.2495     -46.8449      15.8008  -0.00980440
900           31278.4      1.44563      4.86306       2      48.6427
      4.77878      25.1715     -41.5570      12.8489   -0.0127522
1200          33516.7      1.43186      5.15861       2      48.5434
      6.49610      15.5704     -41.5570      12.8808   -0.0132773
1200          19749.4      1.56934      5.51472       3      48.7050
      5.82805      13.5580     -44.7055      14.6076   -0.0109025
600           523.535      8.79195     0.288056       3      48.9975
      9.26022      7.48080     -43.4672      17.3233  -0.00841464
1200          18487.1      1.71794      6.31306       3      48.8917
      5.80509      12.3247     -45.9122      15.4106   -0.0118859
1200          19490.8      1.64268      6.66500       3      48.8836
      5.27136      12.7382     -45.9122      15.4434   -0.0118806
1200          20724.0      1.93635      7.13750       4      48.8655
      6.17590      18.6063     -45.9122      15.4847   -0.0134009
600           622.148      8.24253     0.470000       3      49.0179
      8.72950      8.95520     -43.4672      17.3400  -0.00544944
600           728.353      7.77076     0.646667       3      49.1285
      8.01667      14.8211     -43.4672      17.3564  -0.00632298
600           844.065      7.36357     0.822500       3      48.9157
      8.64027      6.80268     -43.4672      17.3730  -0.00495991
600           1436.92      5.70646      1.56833       2      49.0905
      7.96485      12.0499     -43.4672      17.4456  -0.00526649
600           1627.85      5.61077      1.77611       2      48.8079
      8.23444      12.0847     -43.4672      17.4662  -0.00449424
600           1797.22      5.17232      1.95250       2      48.8259
      8.45383      10.2434     -43.4672      17.4838  -0.00546652
600           1984.59      4.98742      2.14083       2      48.7944
      7.92204      12.3445     -43.4672      17.5026  -0.00738086
