900           2160.45      4.82427      8.21806       3      48.8780
      8.38782      4.27040      49.0035     -25.0260  -0.00826143
900           1946.63      5.13923      8.57333       3      48.9061
      8.36630      7.74189      49.0035     -25.0099  -0.00888040
600           1787.29      5.14629      8.83000       3      48.5369
      8.86001    0.0901540      49.0035     -24.9973  -0.00653232
600           1679.48      5.56543      9.00167       2      48.8463
      8.02501      8.89213      49.0035     -24.9884  -0.00458291
600           1565.22      5.72724      9.18306       2      48.6660
      8.82022     0.897727      49.0035     -24.9787  -0.00163084
600           1441.01      5.81312      9.38083       2      48.9067
      7.42738      13.0812      49.0035     -24.9677  -0.00189777
600           1324.72      6.24098      9.56778       2      48.9485
      8.35337      8.52395      49.0035     -24.9570  -0.00300258
600           1212.31      6.48620      9.75139       2      48.8159
      8.27153      8.77299      49.0035     -24.9462  -0.00428788
600           1048.80      6.85843      10.0264       2      48.8913
      7.82414      6.35195      49.0035     -24.9294  -0.00281118
600           948.068      7.26714      10.2025       2      48.9872
      7.74290      10.4612      49.0035     -24.9184  -0.00377406
600           839.773      7.72931      10.3997       1      49.0443
      7.83903      12.7656      49.0035     -24.9058  -0.00568717
900           8718.35      2.16504      6.17333       4      49.0048
      6.46066      12.1528     -42.8261      18.5534  -0.00953931
900           9022.43      2.11809      6.45194       4      49.0921
      5.37049      12.6171     -42.8261      18.5735   -0.0135300
900           9286.26      2.32603      6.72083       4      49.0938
      6.00691      9.22346     -42.8261      18.5915   -0.0119704
900           2457.18      4.67714      7.68528       3      49.0189
      7.73977      13.0964      49.0035     -25.0469  -0.00245516
900           2310.18      4.61466      7.95694       3      48.7631
      8.03264      4.14171      49.0035     -25.0367  -0.00476700
