600           3270.54      3.80027      3.30472       3      49.2794
      7.60994      6.18488     -46.0613      20.8144   -0.0105678
900           3849.48      3.59987      6.94194       3      49.5897
      8.09901      10.0605      31.1917     -18.4328  -0.00569258
900           3648.44      3.81916      7.23028       2      49.6844
      8.03762      8.33312      31.1917     -18.4173  -0.00144632
600           2606.29      4.37249      8.48556       2      49.9256
      8.24767      5.56302      31.1917     -18.3413  -0.00321703
600           1723.06      5.94352      9.48250       1      49.7622
      8.50697      6.09071      31.1917     -18.2743  -0.00590995
600           3466.43      3.82355      3.48611       3      49.4936
      7.91490      6.43466     -46.0613      20.8312  -0.00913784
600           1096.45      7.69923      10.2719       1      49.9183
      8.27681      9.40136      31.1917     -18.2197  -0.00384758
600           3649.94      3.73005      3.65694       3      49.4718
      7.01592      9.46471     -46.0613      20.8469   -0.0124752
600           3853.60      3.61312      3.84833       3      49.4920
      7.25695      13.1330     -46.0613      20.8641  -0.00894427
900           9661.25      2.11757      4.28472       2      49.4156
      6.28419      7.18674     -44.7055      18.9315   -0.0120693
900           10376.5      2.10064      4.54833       2      49.7215
      5.79539      14.6647     -44.7055      18.9593   -0.0110447
900           11096.3      2.02191      4.81611       3      49.3785
      6.83754      9.50163     -44.7055      18.9872   -0.0101199
900           11787.9      1.84182      5.07722       3      49.6046
      6.25691      15.5807     -44.7055      19.0141   -0.0112916
900           30390.7      1.51800      5.76694       2      49.5264
      6.30518      23.3505     -33.5174      13.8822   -0.0160601
