600           1664.57      5.52527      1.87861       2      48.9895
      8.68545      9.62360     -43.4672      19.0225  -0.00872221
900           12289.0      2.19480      5.25611       3      48.7809
      6.48688      24.3500     -45.9122      17.7551   -0.0119700
900           12960.9      1.87376      5.51583       3      48.5626
      6.60585      15.0819     -45.9122      17.7812   -0.0120834
900           14080.5      1.85920      5.96750       3      48.7727
      6.77745      15.2769     -45.9122      17.8249   -0.0111073
900           14698.0      1.74544      6.23056       3      48.9293
      5.49908      10.5646     -45.9122      17.8494   -0.0151872
900           15283.2      1.79211      6.49222       3      48.6776
      6.04350      15.3391     -45.9122      17.8729   -0.0132280
900           15850.3      1.94736      6.76083       4      49.1043
      5.27121      25.8971     -45.9122      17.8960   -0.0109526
900           16359.3      1.98702      7.01833       4      48.3883
      6.11958      21.6508     -45.9122      17.9171   -0.0110410
600           2076.60      5.10365      8.98806       1      49.0274
      8.83149      11.3726      27.9156     -18.1116  -0.00385463
600           1489.04      6.01495      9.17944       2      49.0845
      8.40346      9.34037      49.0035     -25.3277  0.000285257
600           1032.19      7.04544      9.96000       2      49.2591
      8.00859      8.96479      49.0035     -25.2845  -0.00116486
600           905.386      7.51508      10.1906       2      49.1199
      8.11961      9.26870      49.0035     -25.2707  -0.00716380
600           810.961      7.73994      10.3697       2      49.1439
      7.89986      11.6302      49.0035     -25.2597  -0.00480300
600           2672.89      4.18880      2.93778       3      49.2277
      7.78754      12.3498     -43.4672      19.1248  -0.00779907
600           3151.46      3.61216      3.42083       3      48.9293
      8.30590      11.1778     -43.4672      19.1692  -0.00800276
600           3326.95      3.60222      3.59944       3      49.0180
      8.30374      16.2489     -43.4672      19.1851  -0.00929785
900           3495.71      3.50480      3.77306       3      49.1438
      8.29875      14.4342     -43.4672      19.2002  -0.00654280
900           3764.33      3.38072      4.05500       3      48.7469
      8.63033      13.6695     -43.4672      19.2239   -0.0122250
900           10772.7      2.09032      4.69000       2      48.9341
      6.72864      13.3843     -45.9122      17.6968   -0.0159589
900           11603.0      2.06648      4.99722       3      48.8005
      6.42178      17.6102     -45.9122      17.7287   -0.0137104
