300           777.012      7.63442      1.91333       3      48.0863
      8.64982      6.90651      27.4608     -8.38811 -0.000939525
600           2878.33      4.06307      3.26861       1      48.3532
      8.43699      8.27232     -17.3348     -5.59583  -0.00102662
600           3108.97      3.86200      3.48722       1      48.4244
      8.07023      7.18732     -17.3348     -5.57868   0.00231479
600           3292.87      3.79309      3.66639       1      48.3248
      8.07964      10.2950     -17.3348     -5.56451   0.00329109
600           3608.35      3.69568      3.98944       1      48.3806
      8.88337      4.99798     -17.3348     -5.53876 -0.000778017
600           3767.25      3.20433      4.16306       1      48.1143
      7.70953    -0.212634     -17.3348     -5.52486  -0.00267706
600           3917.13      3.25022      4.33639       1      48.3402
      7.42553      10.1092     -17.3348     -5.51097   0.00221505
600           4082.40      3.16711      4.54222       1      48.3622
      7.70438      6.29832     -17.3348     -5.49449  0.000292226
600           4221.47      3.21253      4.73222       1      48.3704
      8.11841      6.95267     -17.3348     -5.47933   0.00174576
600           4338.71      2.93651      4.90972       1      48.2908
      6.98680      6.89189     -17.3348     -5.46523  -0.00191020
600           4618.63      3.18595      5.46694       1      48.4556
      7.73052      12.7971     -17.3348     -5.42164   0.00204083
300           813.975      7.46992      2.00722       3      48.1628
      8.62207      9.44669      27.4608     -8.38502  -0.00380601
600           4677.93      2.91866      5.64611       2      48.1405
      6.51602      12.6062     -17.3348     -5.40793  0.000420997
900           14344.2      1.79454      5.85278       2      48.3486
      6.14549      12.9260     -42.8261      2.28926  -0.00419468
900           14624.6      1.83788      6.11028       2      48.2768
      5.82498      12.2266     -42.8261      2.31592  -0.00433660
900           14836.7      1.83063      6.41361       2      48.1304
      6.40863      11.3630     -42.8261      2.34690  -0.00843101
900           11630.5      2.17659      6.85417       2      48.5725
      6.26755      17.6500     -40.0319    -0.592076  -0.00469014
900           10867.5      2.35582      7.13556       2      48.3730
      6.57252      16.0654     -40.0319    -0.562976  -0.00461474
900           14540.8      2.06402      7.44194       3      48.2484
      5.80912      5.49908     -42.8261      2.44653  -0.00705006
900           14203.1      2.22046      7.70611       3      47.9740
      6.29701      9.91524     -42.8261      2.47030  -0.00323472
900           7710.84      3.05522      8.16806       3      48.2999
      7.17457      13.0832     -40.0319    -0.460543  -0.00627112
900           6857.67      3.15678      8.43444       3      48.1390
      7.26053      6.48813     -40.0319    -0.435715  -0.00713306
300           851.438      7.62666      2.10222       3      48.1649
      8.67420      5.97766      27.4608     -8.38202  -0.00346796
900           6003.92      3.54415      8.70333       3      48.2224
      7.51702      10.1276     -40.0319    -0.411510  -0.00552069
600           2034.01      5.95596      8.98111       2      48.2065
      8.28934      10.0469     -12.5156     -11.7838   0.00446782
600           1841.13      6.44614      9.16528       2      48.2435
      8.60893      8.01080     -12.5156     -11.7703   0.00526614
600           1086.26      6.69884      9.46222       1      48.2770
      7.51320      5.35875      10.3100     -19.6996  -0.00169790
600           962.298      7.04274      9.66667       1      48.0749
      8.41363     0.159798      10.3100     -19.6851  -0.00172160
600           860.279      7.51323      9.84167       1      48.0178
      8.56580      1.19576      10.3100     -19.6727  -0.00270417
600           755.806      7.92612      10.0294       1      48.3177
      7.66284      7.80090      10.3100     -19.6592  -0.00283640
600           658.816      8.37254      10.2142       1      48.0848
      8.08997      5.12632      10.3100     -19.6459 -0.000421122
600           573.629      8.69814      10.3875       1      48.0248
      8.21658      2.67816      10.3100     -19.6335 -0.000585185
300           902.103      7.75244      2.23083       3      47.9785
      8.58910      7.42055      27.4608     -8.37817  -0.00397086
300           936.986      7.83384      2.31972       3      48.0783
      8.49555      17.0304      27.4608     -8.37564  -0.00306753
300           1012.87      7.63215      2.51500       3      48.4875
      8.30917      17.5323      27.4608     -8.37049  -0.00424151
300           1054.12      7.28112      2.62278       4      48.3579
      8.23016      11.9783      27.4608     -8.36789  -0.00325919
600           2504.06      4.28291      2.92167       1      48.4595
      7.08825      14.6929     -17.3348     -5.62259   0.00510864
600           2693.32      4.25318      3.09639       1      48.5779
      7.31879      15.2271     -17.3348     -5.60919  0.000666635
