300           743.087      8.51372      4.13750       2      49.9768
      9.10349      1.51439      61.7177     -5.49626  -0.00340521
300           960.059      7.75407      5.07639       1      50.1730
      7.63764      15.2494      61.7177     -5.41221  -0.00297625
300           977.376      7.50666      5.18639       1      49.7478
      9.87568    -0.696447      61.7177     -5.40224 -0.000579297
300           883.483      7.92720      6.14722       1      50.3598
      8.43046      3.39370      38.4044     -19.0837  -0.00373708
300           878.431      7.56693      6.24389       1      50.1986
      8.03756      4.73651      38.4044     -19.0769  -0.00378564
300           872.094      7.82991      6.33833       1      50.1007
      8.44030      5.68954      38.4044     -19.0703  -0.00123605
300           864.245      7.80772      6.43444       1      50.2620
      8.35927      3.93385      38.4044     -19.0635  -0.00332619
300           855.610      7.68952      6.52472       1      50.1323
      7.82963      9.04414      38.4044     -19.0571 -0.000437900
300           845.169      7.70279      6.62028       1      50.1258
      8.18786     0.917017      38.4044     -19.0503  -0.00276044
300           795.661      8.49204      6.97306       1      50.6877
      7.95105      14.4642      38.4044     -19.0250 -0.000208155
300           774.776      7.94365      7.09528       1      50.1183
      7.86412      6.41292      38.4044     -19.0162 -0.000598800
300           773.247      8.52833      4.24611       2      50.4224
      7.66566      14.4085      61.7177     -5.48670   0.00177092
300           754.173      8.33187      7.20694       1      50.3625
      7.22691      12.1127      38.4044     -19.0082  -0.00236652
300           735.965      8.11517      7.30000       1      50.0376
      7.79750      6.19866      38.4044     -19.0015  -0.00194273
300           715.886      8.45371      7.39778       1      50.1984
      8.69286      6.86719      38.4044     -18.9944  0.000409653
300           696.003      8.26630      7.49056       1      50.2196
      8.08975      3.28582      38.4044     -18.9878  -0.00253421
300           633.108      9.01342      7.76500       1      50.2972
      8.39029      8.25275      38.4044     -18.9682  0.000499716
300           611.109      8.90170      7.85611       1      50.2250
      8.63786      1.80469      38.4044     -18.9617  -0.00359995
300           587.085      8.83511      7.95361       1      50.0601
      8.56118      1.30706      38.4044     -18.9548 -0.000742704
300           560.126      9.05477      8.06111       1      50.0769
      7.88147      3.32459      38.4044     -18.9472  -0.00291773
300           533.436      9.65350      8.16611       1      50.1098
      8.74089      3.50348      38.4044     -18.9399  -0.00238309
300           510.371      9.47136      8.25611       1      49.9707
      7.83504      4.14078      38.4044     -18.9336  -0.00135052
300           797.901      8.31966      4.33778       2      50.5543
      8.06973      15.3394      61.7177     -5.47859  -0.00211827
300           432.705      10.1006      8.55833       2      50.0431
      8.20570      2.59206      38.4044     -18.9129  1.76928e-06
300           409.756      10.4879      8.64861       2      50.1382
      8.62220      4.24240      38.4044     -18.9069 -0.000680049
300           386.860      10.3365      8.73972       2      50.0248
      8.52521      5.04865      38.4044     -18.9008  -0.00189897
300           362.750      11.0852      8.83722       2      49.9028
      8.53821      5.36888      38.4044     -18.8943  -0.00368344
300           340.275      11.1747      8.93000       2      50.3226
      7.50224      11.9472      38.4044     -18.8883   0.00129039
300           316.534      11.0586      9.03056       2      50.1953
      8.23082      5.92011      38.4044     -18.8818  -0.00170971
300           293.731      11.5497      9.13028       2      49.9911
      8.03508      6.13720      38.4044     -18.8754  -0.00480317
300           822.016      8.50001      4.43056       2      50.4176
      8.52142      12.7318      61.7177     -5.47034  -0.00504979
300           845.543      8.37503      4.52472       2      50.5584
      8.33903      10.5364      61.7177     -5.46194  -0.00122017
300           869.002      8.09497      4.62306       1      50.2809
      8.43045      6.68662      61.7177     -5.45312  -0.00523240
300           894.456      8.04543      4.73611       1      50.2860
      8.78386      5.81211      61.7177     -5.44296  -0.00588394
300           913.762      7.61166      4.82750       1      50.3755
      8.84012      4.03749      61.7177     -5.43472  -0.00168963
300           941.591      7.87269      4.97083       1      50.5971
      8.07796      13.2563      61.7177     -5.42176  1.48680e-05
