600           3132.45      4.57309      4.91722       1      50.7103
      9.69132      5.37755     -15.9175     -11.8741   0.00568891
900           3207.18      4.39020      5.10111       1      50.5115
      8.48532      11.1454     -15.9175     -11.8595    0.0119581
900           3294.41      4.29957      5.37444       1      50.6734
      8.21470      12.1595     -15.9175     -11.8380    0.0122141
900           3378.79      4.25337      5.94722       1      50.5502
      8.23199      8.97591     -15.9175     -11.7933    0.0111508
900           3371.19      4.40364      6.20944       1      50.5634
      8.70401      9.39770     -15.9175     -11.7732   0.00972036
900           3133.98      4.41190      6.55500       1      50.7766
      8.75166      6.38229     -17.7523     -15.6645    0.0153649
900           3014.26      4.63977      6.83111       1      50.7341
      9.58913      3.28957     -17.7523     -15.6428    0.0166769
900           2680.14      5.07205      7.41667       1      50.6881
      8.83382      7.58921     -17.7523     -15.5968    0.0185157
900           2483.51      5.25724      7.70333       1      50.6115
      8.36893      5.87970     -17.7523     -15.5744    0.0165203
900           1913.36      6.01278      8.03222       1      50.7457
      8.95544      9.28233     -12.5156     -18.4035    0.0133583
900           1722.29      6.47938      8.31667       1      50.6266
      9.01965      6.26785     -12.5156     -18.3820    0.0130409
600           3034.93      4.53038      4.71250       1      50.6989
      8.60563      8.43226     -15.9175     -11.8902   0.00888012
