600           871.182      8.23263      1.96222       2      51.6428
      9.27560      9.44987     -13.9091     -11.9193   0.00868595
600           2554.76      4.98034      4.24000       1      51.2395
      9.08690      7.86009     -13.9091     -11.7541   0.00748210
600           2662.38      4.75536      4.41667       1      51.0637
      9.54712      2.68753     -13.9091     -11.7403   0.00605454
600           2760.68      4.75751      4.59139       1      50.9958
      9.09224      6.71367     -13.9091     -11.7266    0.0102915
600           2975.49      4.77761      5.05139       1      50.8326
      9.52558      6.36248     -13.9091     -11.6905   0.00770927
600           3042.92      4.59129      5.23917       1      51.1649
      8.48841      10.5772     -13.9091     -11.6759   0.00851230
900           3243.48      4.45792      5.43861       1      50.7249
      8.78769      6.97553     -17.3348     -13.5352   0.00415050
900           3278.68      4.45531      5.70500       1      50.8516
      8.59898      9.87386     -17.3348     -13.5141   0.00260130
900           3235.61      4.27073      6.24889       1      50.8717
      7.91175      9.47806     -18.1245     -14.4502   0.00458641
900           3168.35      4.55875      6.51611       1      50.7597
      8.48805      8.64735     -18.1245     -14.4291   0.00454296
900           3060.00      4.57030      6.81444       1      50.6958
      7.92788      7.99916     -18.1245     -14.4057   0.00653290
600           1003.05      7.94578      2.15389       2      51.6908
      9.27642      10.8214     -13.9091     -11.9069   0.00553340
900           2739.42      4.92806      7.09194       1      50.7336
      9.17360      2.19723     -17.7523     -16.3455    0.0176243
900           2341.49      5.33769      7.56528       1      50.7438
      9.08484     0.107763     -16.6007     -17.2592    0.0122808
600           2163.67      5.82746      7.83472       1      50.5931
      9.35665     0.753334     -16.6007     -17.2383   0.00586086
600           2040.29      5.80199      8.01250       1      50.6354
      8.74317      1.82180     -16.6007     -17.2246   0.00794910
600           1904.79      6.06644      8.20194       1      50.6742
      8.79574      1.06330     -16.6007     -17.2100   0.00883352
600           1775.57      6.32013      8.37889       1      50.7386
      8.70987      6.92716     -16.6007     -17.1964   0.00883734
600           1399.65      7.04329      8.68833       1      50.7696
      9.11250      6.26103     -12.5156     -18.9368    0.0103427
600           1283.60      7.56205      8.86556       1      50.6997
      9.23888      6.32014     -12.5156     -18.9235   0.00843532
600           1163.81      7.96645      9.05056       1      50.6007
      8.70137      5.89736     -12.5156     -18.9096   0.00838235
600           1052.01      8.26501      9.22667       1      50.5049
      8.44824      5.89962     -12.5156     -18.8965    0.0100469
600           1131.98      7.45738      2.33250       2      51.6296
      9.46145      7.21019     -13.9091     -11.8950   0.00563464
600           1271.70      6.94088      2.51917       2      51.5815
      8.87137      9.40333     -13.9091     -11.8823   0.00892965
600           1620.87      6.22202      2.96889       2      51.2497
      9.52664      6.67721     -13.9091     -11.8505   0.00673595
600           1775.72      6.18681      3.16611       2      51.3856
      9.82728      6.90759     -13.9091     -11.8361   0.00831959
600           1923.87      5.81208      3.35639       1      51.4546
      9.45278      6.96185     -13.9091     -11.8219   0.00476295
600           2086.06      5.45122      3.56889       1      51.2502
      9.03188      9.37575     -13.9091     -11.8059   0.00737899
600           2420.99      5.22113      4.03556       1      51.4511
      9.67534      10.1119     -13.9091     -11.7700   0.00898427
