900           2389.22      5.37829      3.46639       1      43.4334
      9.22416      141.253     -15.9175     -10.1043  -0.00596265
900           3572.28      4.55188      6.47778       1      48.4284
      9.67878      2.22381     -17.7523     -13.7883    0.0128898
900           3447.14      4.53557      6.75667       1      48.3616
      9.72582      4.31243     -17.7523     -13.7661    0.0125982
900           3302.40      4.71606      7.01889       1      48.3574
      9.71342      2.68931     -17.7523     -13.7453    0.0156319
900           2675.55      4.48277      7.51472       1      47.9731
      8.48280    -0.465228     -14.8407     -15.8317    0.0243456
900           2465.16      4.79850      7.80028       1      48.2468
      8.47322      4.02493     -14.8407     -15.8094    0.0278823
900           2231.10      5.12662      8.09944       1      48.0959
      8.64691      2.12290     -14.8407     -15.7861    0.0304276
900           2003.57      5.65941      8.37972       1      48.0122
      8.67175      5.06867     -14.8407     -15.7644    0.0292504
900           2632.70      5.06731      3.75528       1      48.2762
      9.00298      7.48772     -15.9175     -10.0822   0.00309674
900           2836.27      4.81002      4.01194       1      48.4292
      8.63928      11.7918     -15.9175     -10.0622   0.00552909
900           3033.13      4.62984      4.28111       1      48.2882
      9.41864      7.70364     -15.9175     -10.0410   0.00346279
900           3481.51      4.15673      4.80111       1      48.2968
      8.23698      11.1948     -17.3348     -10.8979   0.00201780
900           3615.53      4.11602      5.09944       1      48.2197
      8.80676      9.37497     -17.3348     -10.8741   0.00263735
900           3705.07      4.03463      5.37139       1      48.2718
      8.64654      9.98984     -17.3348     -10.8525   0.00335441
900           3760.56      4.18592      5.63472       1      48.3566
      8.51844      11.8039     -17.3348     -10.8315   0.00211753
900           3659.83      4.61151      6.21917       1      48.7021
      9.49857      8.98127     -17.7523     -13.8088    0.0133595
