600           2942.66      4.59413      4.63944       1      49.8895
      8.33625      6.87724     -15.9175     -12.2695   0.00298934
600           3029.97      4.55657      4.81500       1      49.9560
      8.67668      8.29056     -15.9175     -12.2557   0.00477319
600           3105.91      4.53078      4.98889       1      50.1092
      7.57847      13.9616     -15.9175     -12.2420   0.00228918
600           3175.86      4.45538      5.17778       1      50.1212
      8.05995      11.8407     -15.9175     -12.2271   0.00317000
900           3228.87      4.48627      5.35417       1      50.0646
      8.00564      11.9920     -15.9175     -12.2132   0.00461279
900           3351.83      4.13041      5.93000       1      49.7757
      8.18569      8.62118     -18.1245     -14.0975   0.00617674
900           3313.39      4.32367      6.23194       1      49.9139
      8.26492      9.71475     -18.1245     -14.0736   0.00181334
900           3037.05      4.77759      6.61000       1      50.0683
      9.13793      4.89562     -17.7523     -16.0241    0.0174358
900           2916.01      4.92036      6.88361       1      49.8861
      9.41567      1.57566     -17.7523     -16.0026    0.0175787
900           2778.91      4.99644      7.14361       1      50.0215
      8.96379      6.32998     -17.7523     -15.9822    0.0187449
900           2239.60      5.04974      7.62750       1      49.7522
      8.18393      4.22162     -14.8407     -17.8467    0.0288218
900           2054.87      5.37401      7.91028       1      49.7754
      8.00761      7.04629     -14.8407     -17.8251    0.0291603
900           1877.45      5.77474      8.16861       1      49.7533
      8.40120      7.14644     -14.8407     -17.8052    0.0293458
900           1677.71      6.10916      8.45083       1      49.9015
      8.36863      7.28314     -14.8407     -17.7836    0.0303992
