600           1338.13      7.38402      2.41333       2      50.1717
      8.69313      11.9415     -15.9175     -11.6858   0.00191954
600           3009.78      4.47210      4.56639       1      49.7393
      8.72736      8.48836     -15.9175     -11.5269   0.00258344
900           3225.61      4.43625      5.00194       1      49.7917
      8.66517      8.42911     -15.9175     -11.4925   0.00533944
900           3327.59      4.32054      5.28167       1      49.9345
      8.29810      12.6804     -15.9175     -11.4704   0.00902018
900           3395.85      4.34525      5.54806       1      49.9749
      8.28040      11.5499     -15.9175     -11.4495    0.0118482
900           3507.53      4.13824      5.83611       1      49.6604
      8.40695      8.63988     -18.1245     -13.3397   0.00233389
900           3290.71      4.53951      6.32917       1      50.1434
      9.13513      5.26574     -17.7523     -15.3138    0.0173717
900           3195.04      4.67328      6.59611       1      49.8347
      9.66092    0.0536338     -17.7523     -15.2928    0.0171998
900           3071.15      4.66894      6.86750       1      49.9382
      8.98815      5.20863     -17.7523     -15.2715    0.0187676
900           2924.09      4.94376      7.13639       1      49.9016
      9.46208      5.55299     -17.7523     -15.2503    0.0197766
900           1910.73      6.07674      8.10361       1      49.7780
      8.84182      4.36074     -12.5156     -18.0967    0.0126549
600           1513.95      6.96963      2.62472       2      50.2057
      8.53482      13.7405     -15.9175     -11.6717   0.00418810
900           1707.24      6.62863      8.39722       1      49.8728
      9.06884      4.30280     -12.5156     -18.0744    0.0110845
600           1518.09      6.82400      8.66611       1      49.8460
      8.84287      6.43830     -12.5156     -18.0539   0.00862638
600           1392.08      7.35684      8.84556       1      49.9107
      8.70824      6.57587     -12.5156     -18.0403   0.00733555
600           1250.41      7.82607      9.04972       1      49.9581
      8.90249      5.84521     -12.5156     -18.0249   0.00629468
600           1798.61      6.17212      2.95972       2      49.9939
      8.62145      6.99785     -15.9175     -11.6485   0.00522267
600           1950.01      5.87677      3.13750       2      50.1142
      8.45226      9.36187     -15.9175     -11.6358   0.00435013
600           2118.49      5.52769      3.33750       2      50.0093
      8.78162      10.6435     -15.9175     -11.6212   0.00354064
600           2468.19      5.21215      3.77056       1      50.0879
      8.74348      10.2420     -15.9175     -11.5887   0.00594408
600           2611.85      5.06868      3.96083       1      50.1082
      8.43124      14.3867     -15.9175     -11.5742   0.00427370
600           2768.04      4.72711      4.18111       1      49.9118
      8.24363      8.01376     -15.9175     -11.5571   0.00324670
600           2890.22      4.50436      4.36722       1      49.9252
      8.06239      7.64165     -15.9175     -11.5426   0.00585458
