900           11152.6      2.85283      6.60833       1      41.1005
      6.01465      24.4580      27.7562      3.28949   -0.0545957
900           10182.4      2.94233      6.89806       1      41.2470
      6.56552      16.4614      30.8777      1.23093   -0.0344540
900           335.394      13.1187    0.0966667       1      41.2253
      7.65918      6.74740     -19.5943      21.6758   -0.0229508
900           9005.80      3.19209      7.19944       1      41.2384
      7.09651      14.2275      34.1570    -0.946158   -0.0301103
900           7932.77      3.39400      7.46972       1      41.4094
      6.82096      15.4876      37.1098     -2.91179   -0.0268042
900           6878.40      3.47847      7.74944       1      41.1074
      6.77806      11.5458      40.1791     -4.95355   -0.0216820
900           5849.15      3.74417      8.05056       1      41.3344
      6.81870      9.37710      43.4868     -7.14485   -0.0153792
900           4942.36      4.08018      8.35194       1      41.2101
      6.65018      11.0139      46.7925     -9.31846   -0.0130924
900           4200.45      4.47450      8.63500       1      40.9868
      7.53273      4.85511      49.8828     -11.3302   -0.0103833
900           3488.12      5.03840      8.95028       1      41.2484
      7.29860      3.44752      53.2950     -13.5240   -0.0132364
900           2882.94      5.72022      9.26500       1      41.0653
      7.63614      3.35356      56.6442     -15.6471   -0.0153406
900           2338.14      6.55889      9.60028       1      41.2337
      7.32946      5.51391      60.1174     -17.8192  -0.00884349
900           1923.69      7.40833      9.90139       1      41.1894
      7.41850      3.96308      63.1232     -19.6832   -0.0101226
900           439.031      12.4355     0.374167       1      41.2339
      7.96924      5.65720     -19.1999      22.3950   -0.0247316
900           1591.12      8.39502      10.1833       1      41.2367
      7.48938      5.39615      65.7864     -21.3388  -0.00902821
900           1229.09      9.61971      10.5483       1      41.1763
      7.24002      6.95480      68.9163     -23.3387  -0.00885115
900           956.540      10.9586      10.8817       1      41.1509
      7.27899      5.29120      71.3166     -25.0127  -0.00901177
900           644.931      13.3001      11.3644       1      41.1187
      7.49431      3.64626      73.5928     -27.1481   -0.0123023
900           564.205      11.2875     0.648056       1      41.2206
      7.81246      4.51200     -18.6109      22.9679   -0.0125914
900           731.401      10.4791     0.950000       1      41.1701
      7.66538      5.54902     -17.7353      23.4393   -0.0130082
900           935.010      9.50216      1.25500       1      41.2224
      7.46383      8.07746     -16.6211      23.7410   -0.0446691
900           1152.50      8.30803      1.53028       1      41.1243
      7.28903      3.95769     -15.4260      23.8612   -0.0543834
