600           2121.97      5.69211      5.76167       1      48.6860
      8.29074      4.23138     -13.9091     -18.4862   0.00891011
600           1330.35      7.39880      8.09278       1      48.7968
      8.55551      4.50271     -18.2650     -21.7719   0.00728176
600           1236.44      7.77255      8.28167       1      48.8144
      8.53371      4.80910     -18.2650     -21.7578  1.54986e-05
600           1145.43      7.98265      8.46083       1      48.7029
      8.37805      5.16954     -18.2650     -21.7444   0.00159786
600           1020.56      8.75167      8.70389       1      48.7308
      8.64063      7.13333     -18.2650     -21.7264   0.00138701
600           849.186      9.18322      9.03972       1      48.8114
      8.43699      4.58744     -18.2650     -21.7019   0.00231244
600           754.563      10.0668      9.23028       1      48.7439
      8.52192      4.50192     -18.2650     -21.6882  0.000503201
600           668.533      10.7331      9.40944       2      48.8102
      8.47536      7.12852     -18.2650     -21.6755   0.00518300
600           579.410      11.3524      9.60389       2      48.8032
      8.44242      9.13257     -18.2650     -21.6620   0.00288993
600           502.886      11.8346      9.78111       2      48.7577
      8.69111      5.64284     -18.2650     -21.6499  8.30684e-05
600           425.622      12.7861      9.97389       2      48.6910
      8.42598      6.96421     -18.2650     -21.6370   0.00110784
600           2127.78      5.53795      5.98917       1      48.7346
      8.80030      1.11401     -13.9091     -18.4687   0.00840525
600           359.731      13.2961      10.1542       2      48.5765
      8.65690      4.47140     -18.2650     -21.6252   0.00180618
600           302.577      13.5321      10.3281       2      48.6019
      8.27257      3.72463     -18.2650     -21.6142   -0.0151646
600           2118.84      5.63915      6.20111       1      48.8735
      7.93126      7.49177     -13.9091     -18.4524   0.00744444
600           2100.55      5.93723      6.38028       1      48.8122
      8.83708      2.66760     -13.9091     -18.4387    0.0109556
600           1930.27      5.97401      6.89750       1      48.9384
      8.24029      3.98474     -17.3348     -20.3278   0.00104424
600           1869.63      6.38482      7.08500       1      48.7510
      8.92046      3.93761     -17.3348     -20.3135   0.00219789
600           1805.48      6.49148      7.26028       1      48.7075
      9.05802      2.03370     -17.3348     -20.3001   0.00126951
600           1720.79      6.52523      7.46833       1      48.7015
      8.83658   -0.0741437     -17.3348     -20.2843   0.00273208
600           1417.69      7.14349      7.91139       1      48.8795
      8.28335      9.29341     -18.2650     -21.7855   0.00133460
