600           1759.56      6.37773      4.46250       2      48.9860
      8.55682      8.69049     -13.9091     -18.9048    0.0100718
600           2046.49      6.15658      6.44222       1      48.7365
      8.52916      6.24660     -13.9091     -18.7555   0.00807158
600           1957.48      6.24363      6.87083       1      48.8675
      8.28709      6.29017     -13.9091     -18.7230   0.00821180
600           1905.96      6.61018      7.04778       1      48.8438
      8.63191      5.33170     -13.9091     -18.7098   0.00810176
600           1841.02      6.71274      7.23972       1      48.7365
      8.39841      8.90510     -13.9091     -18.6956   0.00607503
600           1773.59      6.83810      7.41611       2      48.5845
      8.96662      5.17348     -13.9091     -18.6827   0.00628252
600           1691.87      7.14508      7.60944       2      48.6142
      8.45673      7.08676     -13.9091     -18.6688    0.0110304
600           1610.26      7.45137      7.78722       2      48.6723
      8.48715      7.68559     -13.9091     -18.6562   0.00701758
600           1241.52      8.25579      8.21167       1      48.8921
      8.56778      7.87312     -18.2650     -22.0374   0.00455872
600           1148.05      8.49658      8.40111       1      48.8082
      8.26446      6.79720     -18.2650     -22.0233   0.00199495
600           1058.33      8.74773      8.58028       1      48.6387
      8.25830      6.39973     -18.2650     -22.0100   0.00609267
600           1838.72      6.17799      4.66694       1      48.9787
      7.84022      11.7179     -13.9091     -18.8900   0.00935061
600           964.325      9.34456      8.76722       1      48.7852
      8.51724      9.69434     -18.2650     -21.9962   0.00443660
600           874.207      9.59790      8.94750       1      48.7481
      8.30318      7.79781     -18.2650     -21.9830   0.00496316
600           782.972      10.2452      9.13306       1      48.7413
      8.67788      5.94418     -18.2650     -21.9696   0.00381314
600           696.991      10.6579      9.31278       1      48.7660
      8.35170      7.52472     -18.2650     -21.9567   0.00306689
600           615.489      11.2551      9.48972       2      48.8053
      8.63091      7.61652     -18.2650     -21.9442   0.00209300
600           534.728      11.9890      9.67417       2      48.8729
      8.54721      9.05633     -18.2650     -21.9314  0.000948764
600           462.714      12.5306      9.84944       2      48.7223
      8.65981      8.58609     -18.2650     -21.9195   0.00369949
600           1899.23      5.97694      4.84389       1      49.0116
      8.30846      9.80452     -13.9091     -18.8770   0.00917651
600           1957.25      5.98434      5.04111       1      48.8820
      8.09010      7.90237     -13.9091     -18.8624   0.00853879
600           2001.15      6.03129      5.22167       1      49.0146
      8.35313      10.6696     -13.9091     -18.8488   0.00782232
600           2035.15      5.92876      5.39806       1      48.8059
      8.17916      7.13555     -13.9091     -18.8355    0.0101284
600           2081.13      5.83531      5.87389       1      48.7625
      9.34294     -1.57938     -13.9091     -18.7991   0.00630368
600           2080.26      5.95834      6.06806       1      49.0528
      8.07514      9.65549     -13.9091     -18.7842   0.00719889
600           2069.23      5.92439      6.24833       1      48.9353
      7.99549      13.4643     -13.9091     -18.7703    0.0100778
