600           393.985      11.4145      2.06250       4      48.4619
      8.41809      9.74295     -13.5295     -21.5510   -0.0130382
600           1236.64      7.38658      3.91528       2      48.3838
      8.05804      6.61086     -13.5295     -21.4593   0.00988085
600           1317.48      7.32547      4.10389       2      48.2537
      8.18805      9.75127     -13.5295     -21.4476   0.00911430
600           1389.67      7.02706      4.28333       2      48.3347
      8.16153      8.74605     -13.5295     -21.4362   0.00570979
600           1457.59      6.59408      4.46583       2      48.2732
      7.74555      8.10552     -13.5295     -21.4243    0.0116330
600           1524.06      6.59179      4.66333       2      48.4295
      8.15447      8.83224     -13.5295     -21.4110    0.0118125
600           1649.12      6.13939      5.13556       2      48.2655
      8.23569      6.41928     -13.5295     -21.3782    0.0109289
600           494.016      10.9870      2.31722       3      48.4055
      8.39456      8.76060     -13.5295     -21.5412  -0.00539810
600           576.590      10.4657      2.51000       3      48.5364
      8.16565      11.0882     -13.5295     -21.5331  0.000875759
600           674.574      10.0430      2.72611       3      48.4408
      8.30638      8.10867     -13.5295     -21.5235   0.00303241
600           760.772      9.65320      2.90917       3      48.5386
      8.11159      10.1453     -13.5295     -21.5147   0.00453239
600           863.635      8.90363      3.12306       3      48.3735
      8.21614      5.75111     -13.5295     -21.5040   0.00733134
600           961.083      8.35836      3.32444       3      48.2224
      8.80044      3.19762     -13.5295     -21.4934   0.00622821
600           1051.42      7.99442      3.51278       3      48.2721
      8.02262      6.38014     -13.5295     -21.4829   0.00806224
600           1152.26      7.66498      3.72806       3      48.3384
      7.72243      9.15056     -13.5295     -21.4705   0.00917613
